{"/home/synth/tapeloop/sw.js": {"path":"/home/synth/tapeloop/sw.js","all":true,"statementMap":{"0":{"start":{"line":1,"column":0},"end":{"line":1,"column":33}},"1":{"start":{"line":2,"column":0},"end":{"line":2,"column":24}},"2":{"start":{"line":3,"column":0},"end":{"line":3,"column":7}},"3":{"start":{"line":4,"column":0},"end":{"line":4,"column":17}},"4":{"start":{"line":5,"column":0},"end":{"line":5,"column":19}},"5":{"start":{"line":6,"column":0},"end":{"line":6,"column":2}},"6":{"start":{"line":7,"column":0},"end":{"line":7,"column":0}},"7":{"start":{"line":8,"column":0},"end":{"line":8,"column":41}},"8":{"start":{"line":9,"column":0},"end":{"line":9,"column":14}},"9":{"start":{"line":10,"column":0},"end":{"line":10,"column":73}},"10":{"start":{"line":11,"column":0},"end":{"line":11,"column":4}},"11":{"start":{"line":12,"column":0},"end":{"line":12,"column":21}},"12":{"start":{"line":13,"column":0},"end":{"line":13,"column":3}},"13":{"start":{"line":14,"column":0},"end":{"line":14,"column":0}},"14":{"start":{"line":15,"column":0},"end":{"line":15,"column":42}},"15":{"start":{"line":16,"column":0},"end":{"line":16,"column":14}},"16":{"start":{"line":17,"column":0},"end":{"line":17,"column":33}},"17":{"start":{"line":18,"column":0},"end":{"line":18,"column":85}},"18":{"start":{"line":19,"column":0},"end":{"line":19,"column":5}},"19":{"start":{"line":20,"column":0},"end":{"line":20,"column":4}},"20":{"start":{"line":21,"column":0},"end":{"line":21,"column":23}},"21":{"start":{"line":22,"column":0},"end":{"line":22,"column":3}},"22":{"start":{"line":23,"column":0},"end":{"line":23,"column":0}},"23":{"start":{"line":24,"column":0},"end":{"line":24,"column":39}},"24":{"start":{"line":25,"column":0},"end":{"line":25,"column":16}},"25":{"start":{"line":26,"column":0},"end":{"line":26,"column":66}},"26":{"start":{"line":27,"column":0},"end":{"line":27,"column":4}},"27":{"start":{"line":28,"column":0},"end":{"line":28,"column":3}}},"s":{"0":0,"1":0,"2":0,"3":0,"4":0,"5":0,"6":0,"7":0,"8":0,"9":0,"10":0,"11":0,"12":0,"13":0,"14":0,"15":0,"16":0,"17":0,"18":0,"19":0,"20":0,"21":0,"22":0,"23":0,"24":0,"25":0,"26":0,"27":0},"branchMap":{"0":{"type":"branch","line":1,"loc":{"start":{"line":1,"column":622},"end":{"line":28,"column":3}},"locations":[{"start":{"line":1,"column":622},"end":{"line":28,"column":3}}]}},"b":{"0":[0]},"fnMap":{"0":{"name":"(empty-report)","decl":{"start":{"line":1,"column":622},"end":{"line":28,"column":3}},"loc":{"start":{"line":1,"column":622},"end":{"line":28,"column":3}},"line":1}},"f":{"0":0}}
,"/home/synth/tapeloop/src/audio-utils.js": {"path":"/home/synth/tapeloop/src/audio-utils.js","all":false,"statementMap":{"0":{"start":{"line":1,"column":0},"end":{"line":1,"column":3}},"1":{"start":{"line":2,"column":0},"end":{"line":2,"column":27}},"2":{"start":{"line":3,"column":0},"end":{"line":3,"column":63}},"3":{"start":{"line":4,"column":0},"end":{"line":4,"column":3}},"4":{"start":{"line":5,"column":0},"end":{"line":5,"column":0}},"5":{"start":{"line":6,"column":0},"end":{"line":6,"column":34}},"6":{"start":{"line":7,"column":0},"end":{"line":7,"column":41}},"7":{"start":{"line":8,"column":0},"end":{"line":8,"column":49}},"8":{"start":{"line":9,"column":0},"end":{"line":9,"column":41}},"9":{"start":{"line":10,"column":0},"end":{"line":10,"column":36}},"10":{"start":{"line":11,"column":0},"end":{"line":11,"column":40}},"11":{"start":{"line":12,"column":0},"end":{"line":12,"column":86}},"12":{"start":{"line":13,"column":0},"end":{"line":13,"column":4}},"13":{"start":{"line":14,"column":0},"end":{"line":14,"column":25}},"14":{"start":{"line":15,"column":0},"end":{"line":15,"column":59}},"15":{"start":{"line":16,"column":0},"end":{"line":16,"column":25}},"16":{"start":{"line":17,"column":0},"end":{"line":17,"column":26}},"17":{"start":{"line":18,"column":0},"end":{"line":18,"column":31}},"18":{"start":{"line":19,"column":0},"end":{"line":19,"column":30}},"19":{"start":{"line":20,"column":0},"end":{"line":20,"column":38}},"20":{"start":{"line":21,"column":0},"end":{"line":21,"column":43}},"21":{"start":{"line":22,"column":0},"end":{"line":22,"column":59}},"22":{"start":{"line":23,"column":0},"end":{"line":23,"column":42}},"23":{"start":{"line":24,"column":0},"end":{"line":24,"column":31}},"24":{"start":{"line":25,"column":0},"end":{"line":25,"column":26}},"25":{"start":{"line":26,"column":0},"end":{"line":26,"column":55}},"26":{"start":{"line":27,"column":0},"end":{"line":27,"column":18}},"27":{"start":{"line":28,"column":0},"end":{"line":28,"column":40}},"28":{"start":{"line":29,"column":0},"end":{"line":29,"column":41}},"29":{"start":{"line":30,"column":0},"end":{"line":30,"column":66}},"30":{"start":{"line":31,"column":0},"end":{"line":31,"column":42}},"31":{"start":{"line":32,"column":0},"end":{"line":32,"column":37}},"32":{"start":{"line":33,"column":0},"end":{"line":33,"column":18}},"33":{"start":{"line":34,"column":0},"end":{"line":34,"column":5}},"34":{"start":{"line":35,"column":0},"end":{"line":35,"column":3}},"35":{"start":{"line":36,"column":0},"end":{"line":36,"column":51}},"36":{"start":{"line":37,"column":0},"end":{"line":37,"column":1}},"37":{"start":{"line":38,"column":0},"end":{"line":38,"column":0}},"38":{"start":{"line":39,"column":0},"end":{"line":39,"column":33}},"39":{"start":{"line":40,"column":0},"end":{"line":40,"column":24}},"40":{"start":{"line":41,"column":0},"end":{"line":41,"column":38}},"41":{"start":{"line":42,"column":0},"end":{"line":42,"column":21}},"42":{"start":{"line":43,"column":0},"end":{"line":43,"column":40}},"43":{"start":{"line":44,"column":0},"end":{"line":44,"column":13}},"44":{"start":{"line":45,"column":0},"end":{"line":45,"column":16}},"45":{"start":{"line":46,"column":0},"end":{"line":46,"column":46}},"46":{"start":{"line":47,"column":0},"end":{"line":47,"column":46}},"47":{"start":{"line":48,"column":0},"end":{"line":48,"column":5}},"48":{"start":{"line":49,"column":0},"end":{"line":49,"column":3}},"49":{"start":{"line":50,"column":0},"end":{"line":50,"column":42}},"50":{"start":{"line":51,"column":0},"end":{"line":51,"column":35}},"51":{"start":{"line":52,"column":0},"end":{"line":52,"column":61}},"52":{"start":{"line":53,"column":0},"end":{"line":53,"column":38}},"53":{"start":{"line":54,"column":0},"end":{"line":54,"column":33}},"54":{"start":{"line":55,"column":0},"end":{"line":55,"column":41}},"55":{"start":{"line":56,"column":0},"end":{"line":56,"column":53}},"56":{"start":{"line":57,"column":0},"end":{"line":57,"column":75}},"57":{"start":{"line":58,"column":0},"end":{"line":58,"column":75}},"58":{"start":{"line":59,"column":0},"end":{"line":59,"column":36}},"59":{"start":{"line":60,"column":0},"end":{"line":60,"column":36}},"60":{"start":{"line":61,"column":0},"end":{"line":61,"column":42}},"61":{"start":{"line":62,"column":0},"end":{"line":62,"column":42}},"62":{"start":{"line":63,"column":0},"end":{"line":63,"column":66}},"63":{"start":{"line":64,"column":0},"end":{"line":64,"column":55}},"64":{"start":{"line":65,"column":0},"end":{"line":65,"column":29}},"65":{"start":{"line":66,"column":0},"end":{"line":66,"column":7}},"66":{"start":{"line":67,"column":0},"end":{"line":67,"column":5}},"67":{"start":{"line":68,"column":0},"end":{"line":68,"column":3}},"68":{"start":{"line":69,"column":0},"end":{"line":69,"column":1}},"69":{"start":{"line":70,"column":0},"end":{"line":70,"column":0}},"70":{"start":{"line":71,"column":0},"end":{"line":71,"column":34}},"71":{"start":{"line":72,"column":0},"end":{"line":72,"column":24}},"72":{"start":{"line":73,"column":0},"end":{"line":73,"column":18}},"73":{"start":{"line":74,"column":0},"end":{"line":74,"column":31}},"74":{"start":{"line":75,"column":0},"end":{"line":75,"column":17}},"75":{"start":{"line":76,"column":0},"end":{"line":76,"column":17}},"76":{"start":{"line":77,"column":0},"end":{"line":77,"column":3}},"77":{"start":{"line":78,"column":0},"end":{"line":78,"column":1}},"78":{"start":{"line":79,"column":0},"end":{"line":79,"column":0}},"79":{"start":{"line":80,"column":0},"end":{"line":80,"column":52}},"80":{"start":{"line":81,"column":0},"end":{"line":81,"column":57}},"81":{"start":{"line":82,"column":0},"end":{"line":82,"column":20}},"82":{"start":{"line":83,"column":0},"end":{"line":83,"column":39}},"83":{"start":{"line":84,"column":0},"end":{"line":84,"column":17}},"84":{"start":{"line":85,"column":0},"end":{"line":85,"column":27}},"85":{"start":{"line":86,"column":0},"end":{"line":86,"column":69}},"86":{"start":{"line":87,"column":0},"end":{"line":87,"column":7}},"87":{"start":{"line":88,"column":0},"end":{"line":88,"column":3}},"88":{"start":{"line":89,"column":0},"end":{"line":89,"column":16}},"89":{"start":{"line":90,"column":0},"end":{"line":90,"column":1}},"90":{"start":{"line":91,"column":0},"end":{"line":91,"column":0}},"91":{"start":{"line":92,"column":0},"end":{"line":92,"column":57}},"92":{"start":{"line":93,"column":0},"end":{"line":93,"column":52}},"93":{"start":{"line":94,"column":0},"end":{"line":94,"column":1}},"94":{"start":{"line":95,"column":0},"end":{"line":95,"column":0}},"95":{"start":{"line":96,"column":0},"end":{"line":96,"column":39}},"96":{"start":{"line":97,"column":0},"end":{"line":97,"column":44}},"97":{"start":{"line":98,"column":0},"end":{"line":98,"column":10}},"98":{"start":{"line":99,"column":0},"end":{"line":99,"column":63}},"99":{"start":{"line":100,"column":0},"end":{"line":100,"column":57}},"100":{"start":{"line":101,"column":0},"end":{"line":101,"column":4}},"101":{"start":{"line":102,"column":0},"end":{"line":102,"column":1}},"102":{"start":{"line":103,"column":0},"end":{"line":103,"column":0}},"103":{"start":{"line":104,"column":0},"end":{"line":104,"column":41}},"104":{"start":{"line":105,"column":0},"end":{"line":105,"column":44}},"105":{"start":{"line":106,"column":0},"end":{"line":106,"column":43}},"106":{"start":{"line":107,"column":0},"end":{"line":107,"column":1}}},"s":{"0":1,"1":1,"2":1,"3":1,"4":1,"5":1,"6":2,"7":2,"8":2,"9":2,"10":2,"11":8,"12":2,"13":2,"14":2,"15":2,"16":2,"17":2,"18":2,"19":2,"20":2,"21":2,"22":2,"23":2,"24":2,"25":2,"26":2,"27":2,"28":103,"29":203,"30":203,"31":203,"32":203,"33":203,"34":103,"35":2,"36":2,"37":1,"38":1,"39":3,"40":3,"41":9,"42":9,"43":9,"44":9,"45":3,"46":3,"47":3,"48":9,"49":3,"50":6,"51":6,"52":6,"53":9,"54":9,"55":12,"56":12,"57":12,"58":12,"59":12,"60":12,"61":12,"62":12,"63":12,"64":12,"65":12,"66":9,"67":6,"68":3,"69":1,"70":1,"71":1,"72":1,"73":1,"74":4,"75":4,"76":4,"77":1,"78":1,"79":1,"80":2,"81":2,"82":2,"83":7,"84":7,"85":7,"86":7,"87":7,"88":2,"89":2,"90":1,"91":1,"92":6,"93":6,"94":1,"95":1,"96":3,"97":3,"98":3,"99":3,"100":3,"101":3,"102":1,"103":1,"104":3,"105":3,"106":3},"branchMap":{"0":{"type":"branch","line":6,"loc":{"start":{"line":6,"column":7},"end":{"line":37,"column":1}},"locations":[{"start":{"line":6,"column":7},"end":{"line":37,"column":1}}]},"1":{"type":"branch","line":28,"loc":{"start":{"line":28,"column":39},"end":{"line":35,"column":3}},"locations":[{"start":{"line":28,"column":39},"end":{"line":35,"column":3}}]},"2":{"type":"branch","line":29,"loc":{"start":{"line":29,"column":40},"end":{"line":34,"column":5}},"locations":[{"start":{"line":29,"column":40},"end":{"line":34,"column":5}}]},"3":{"type":"branch","line":31,"loc":{"start":{"line":31,"column":16},"end":{"line":31,"column":28}},"locations":[{"start":{"line":31,"column":16},"end":{"line":31,"column":28}}]},"4":{"type":"branch","line":31,"loc":{"start":{"line":31,"column":29},"end":{"line":31,"column":41}},"locations":[{"start":{"line":31,"column":29},"end":{"line":31,"column":41}}]},"5":{"type":"branch","line":11,"loc":{"start":{"line":11,"column":22},"end":{"line":13,"column":3}},"locations":[{"start":{"line":11,"column":22},"end":{"line":13,"column":3}}]},"6":{"type":"branch","line":12,"loc":{"start":{"line":12,"column":41},"end":{"line":12,"column":86}},"locations":[{"start":{"line":12,"column":41},"end":{"line":12,"column":86}}]},"7":{"type":"branch","line":39,"loc":{"start":{"line":39,"column":7},"end":{"line":69,"column":1}},"locations":[{"start":{"line":39,"column":7},"end":{"line":69,"column":1}}]},"8":{"type":"branch","line":41,"loc":{"start":{"line":41,"column":37},"end":{"line":49,"column":3}},"locations":[{"start":{"line":41,"column":37},"end":{"line":49,"column":3}}]},"9":{"type":"branch","line":43,"loc":{"start":{"line":43,"column":31},"end":{"line":43,"column":40}},"locations":[{"start":{"line":43,"column":31},"end":{"line":43,"column":40}}]},"10":{"type":"branch","line":45,"loc":{"start":{"line":45,"column":15},"end":{"line":48,"column":5}},"locations":[{"start":{"line":45,"column":15},"end":{"line":48,"column":5}}]},"11":{"type":"branch","line":50,"loc":{"start":{"line":50,"column":41},"end":{"line":68,"column":3}},"locations":[{"start":{"line":50,"column":41},"end":{"line":68,"column":3}}]},"12":{"type":"branch","line":53,"loc":{"start":{"line":53,"column":37},"end":{"line":67,"column":5}},"locations":[{"start":{"line":53,"column":37},"end":{"line":67,"column":5}}]},"13":{"type":"branch","line":55,"loc":{"start":{"line":55,"column":40},"end":{"line":66,"column":7}},"locations":[{"start":{"line":55,"column":40},"end":{"line":66,"column":7}}]},"14":{"type":"branch","line":71,"loc":{"start":{"line":71,"column":7},"end":{"line":78,"column":1}},"locations":[{"start":{"line":71,"column":7},"end":{"line":78,"column":1}}]},"15":{"type":"branch","line":74,"loc":{"start":{"line":74,"column":30},"end":{"line":77,"column":3}},"locations":[{"start":{"line":74,"column":30},"end":{"line":77,"column":3}}]},"16":{"type":"branch","line":80,"loc":{"start":{"line":80,"column":7},"end":{"line":90,"column":1}},"locations":[{"start":{"line":80,"column":7},"end":{"line":90,"column":1}}]},"17":{"type":"branch","line":83,"loc":{"start":{"line":83,"column":38},"end":{"line":88,"column":3}},"locations":[{"start":{"line":83,"column":38},"end":{"line":88,"column":3}}]},"18":{"type":"branch","line":86,"loc":{"start":{"line":86,"column":33},"end":{"line":86,"column":47}},"locations":[{"start":{"line":86,"column":33},"end":{"line":86,"column":47}}]},"19":{"type":"branch","line":86,"loc":{"start":{"line":86,"column":48},"end":{"line":86,"column":69}},"locations":[{"start":{"line":86,"column":48},"end":{"line":86,"column":69}}]},"20":{"type":"branch","line":92,"loc":{"start":{"line":92,"column":7},"end":{"line":94,"column":1}},"locations":[{"start":{"line":92,"column":7},"end":{"line":94,"column":1}}]},"21":{"type":"branch","line":96,"loc":{"start":{"line":96,"column":7},"end":{"line":102,"column":1}},"locations":[{"start":{"line":96,"column":7},"end":{"line":102,"column":1}}]},"22":{"type":"branch","line":99,"loc":{"start":{"line":99,"column":19},"end":{"line":99,"column":23}},"locations":[{"start":{"line":99,"column":19},"end":{"line":99,"column":23}}]},"23":{"type":"branch","line":99,"loc":{"start":{"line":99,"column":24},"end":{"line":99,"column":62}},"locations":[{"start":{"line":99,"column":24},"end":{"line":99,"column":62}}]},"24":{"type":"branch","line":100,"loc":{"start":{"line":100,"column":23},"end":{"line":100,"column":26}},"locations":[{"start":{"line":100,"column":23},"end":{"line":100,"column":26}}]},"25":{"type":"branch","line":100,"loc":{"start":{"line":100,"column":27},"end":{"line":100,"column":57}},"locations":[{"start":{"line":100,"column":27},"end":{"line":100,"column":57}}]},"26":{"type":"branch","line":104,"loc":{"start":{"line":104,"column":7},"end":{"line":107,"column":1}},"locations":[{"start":{"line":104,"column":7},"end":{"line":107,"column":1}}]},"27":{"type":"branch","line":106,"loc":{"start":{"line":106,"column":17},"end":{"line":106,"column":22}},"locations":[{"start":{"line":106,"column":17},"end":{"line":106,"column":22}}]},"28":{"type":"branch","line":106,"loc":{"start":{"line":106,"column":23},"end":{"line":106,"column":42}},"locations":[{"start":{"line":106,"column":23},"end":{"line":106,"column":42}}]}},"b":{"0":[2],"1":[103],"2":[203],"3":[101],"4":[102],"5":[8],"6":[32],"7":[3],"8":[9],"9":[3],"10":[3],"11":[6],"12":[9],"13":[12],"14":[1],"15":[4],"16":[2],"17":[7],"18":[2],"19":[5],"20":[6],"21":[3],"22":[1],"23":[2],"24":[1],"25":[2],"26":[3],"27":[1],"28":[2]},"fnMap":{"0":{"name":"bufferToWav","decl":{"start":{"line":6,"column":7},"end":{"line":37,"column":1}},"loc":{"start":{"line":6,"column":7},"end":{"line":37,"column":1}},"line":6},"1":{"name":"writeString","decl":{"start":{"line":11,"column":22},"end":{"line":13,"column":3}},"loc":{"start":{"line":11,"column":22},"end":{"line":13,"column":3}},"line":11},"2":{"name":"fft","decl":{"start":{"line":39,"column":7},"end":{"line":69,"column":1}},"loc":{"start":{"line":39,"column":7},"end":{"line":69,"column":1}},"line":39},"3":{"name":"ifft","decl":{"start":{"line":71,"column":7},"end":{"line":78,"column":1}},"loc":{"start":{"line":71,"column":7},"end":{"line":78,"column":1}},"line":71},"4":{"name":"autoSlice","decl":{"start":{"line":80,"column":7},"end":{"line":90,"column":1}},"loc":{"start":{"line":80,"column":7},"end":{"line":90,"column":1}},"line":80},"5":{"name":"calculatePitchRate","decl":{"start":{"line":92,"column":7},"end":{"line":94,"column":1}},"loc":{"start":{"line":92,"column":7},"end":{"line":94,"column":1}},"line":92},"6":{"name":"bitcrushParams","decl":{"start":{"line":96,"column":7},"end":{"line":102,"column":1}},"loc":{"start":{"line":96,"column":7},"end":{"line":102,"column":1}},"line":96},"7":{"name":"limiterThreshold","decl":{"start":{"line":104,"column":7},"end":{"line":107,"column":1}},"loc":{"start":{"line":104,"column":7},"end":{"line":107,"column":1}},"line":104}},"f":{"0":2,"1":8,"2":3,"3":1,"4":2,"5":6,"6":3,"7":3}}
,"/home/synth/tapeloop/src/core.js": {"path":"/home/synth/tapeloop/src/core.js","all":false,"statementMap":{"0":{"start":{"line":1,"column":0},"end":{"line":1,"column":67}},"1":{"start":{"line":2,"column":0},"end":{"line":2,"column":62}},"2":{"start":{"line":3,"column":0},"end":{"line":3,"column":9}},"3":{"start":{"line":4,"column":0},"end":{"line":4,"column":70}},"4":{"start":{"line":5,"column":0},"end":{"line":5,"column":0}},"5":{"start":{"line":6,"column":0},"end":{"line":6,"column":24}},"6":{"start":{"line":7,"column":0},"end":{"line":7,"column":23}},"7":{"start":{"line":8,"column":0},"end":{"line":8,"column":42}},"8":{"start":{"line":9,"column":0},"end":{"line":9,"column":29}},"9":{"start":{"line":10,"column":0},"end":{"line":10,"column":0}},"10":{"start":{"line":11,"column":0},"end":{"line":11,"column":25}},"11":{"start":{"line":12,"column":0},"end":{"line":12,"column":30}},"12":{"start":{"line":13,"column":0},"end":{"line":13,"column":27}},"13":{"start":{"line":14,"column":0},"end":{"line":14,"column":30}},"14":{"start":{"line":15,"column":0},"end":{"line":15,"column":29}},"15":{"start":{"line":16,"column":0},"end":{"line":16,"column":2}},"16":{"start":{"line":17,"column":0},"end":{"line":17,"column":0}},"17":{"start":{"line":18,"column":0},"end":{"line":18,"column":38}},"18":{"start":{"line":19,"column":0},"end":{"line":19,"column":38}},"19":{"start":{"line":20,"column":0},"end":{"line":20,"column":80}},"20":{"start":{"line":21,"column":0},"end":{"line":21,"column":4}},"21":{"start":{"line":22,"column":0},"end":{"line":22,"column":1}},"22":{"start":{"line":23,"column":0},"end":{"line":23,"column":0}},"23":{"start":{"line":24,"column":0},"end":{"line":24,"column":37}},"24":{"start":{"line":25,"column":0},"end":{"line":25,"column":59}},"25":{"start":{"line":26,"column":0},"end":{"line":26,"column":23}},"26":{"start":{"line":27,"column":0},"end":{"line":27,"column":64}},"27":{"start":{"line":28,"column":0},"end":{"line":28,"column":28}},"28":{"start":{"line":29,"column":0},"end":{"line":29,"column":38}},"29":{"start":{"line":30,"column":0},"end":{"line":30,"column":54}},"30":{"start":{"line":31,"column":0},"end":{"line":31,"column":7}},"31":{"start":{"line":32,"column":0},"end":{"line":32,"column":54}},"32":{"start":{"line":33,"column":0},"end":{"line":33,"column":55}},"33":{"start":{"line":34,"column":0},"end":{"line":34,"column":7}},"34":{"start":{"line":35,"column":0},"end":{"line":35,"column":14}},"35":{"start":{"line":36,"column":0},"end":{"line":36,"column":30}},"36":{"start":{"line":37,"column":0},"end":{"line":37,"column":62}},"37":{"start":{"line":38,"column":0},"end":{"line":38,"column":77}},"38":{"start":{"line":39,"column":0},"end":{"line":39,"column":8}},"39":{"start":{"line":40,"column":0},"end":{"line":40,"column":7}},"40":{"start":{"line":41,"column":0},"end":{"line":41,"column":5}},"41":{"start":{"line":42,"column":0},"end":{"line":42,"column":1}},"42":{"start":{"line":43,"column":0},"end":{"line":43,"column":0}},"43":{"start":{"line":44,"column":0},"end":{"line":44,"column":44}},"44":{"start":{"line":45,"column":0},"end":{"line":45,"column":10}},"45":{"start":{"line":46,"column":0},"end":{"line":46,"column":22}},"46":{"start":{"line":47,"column":0},"end":{"line":47,"column":17}},"47":{"start":{"line":48,"column":0},"end":{"line":48,"column":15}},"48":{"start":{"line":49,"column":0},"end":{"line":49,"column":26}},"49":{"start":{"line":50,"column":0},"end":{"line":50,"column":20}},"50":{"start":{"line":51,"column":0},"end":{"line":51,"column":19}},"51":{"start":{"line":52,"column":0},"end":{"line":52,"column":4}},"52":{"start":{"line":53,"column":0},"end":{"line":53,"column":1}},"53":{"start":{"line":54,"column":0},"end":{"line":54,"column":0}},"54":{"start":{"line":55,"column":0},"end":{"line":55,"column":41}},"55":{"start":{"line":56,"column":0},"end":{"line":56,"column":10}},"56":{"start":{"line":57,"column":0},"end":{"line":57,"column":28}},"57":{"start":{"line":58,"column":0},"end":{"line":58,"column":28}},"58":{"start":{"line":59,"column":0},"end":{"line":59,"column":28}},"59":{"start":{"line":60,"column":0},"end":{"line":60,"column":27}},"60":{"start":{"line":61,"column":0},"end":{"line":61,"column":4}},"61":{"start":{"line":62,"column":0},"end":{"line":62,"column":1}},"62":{"start":{"line":63,"column":0},"end":{"line":63,"column":0}},"63":{"start":{"line":64,"column":0},"end":{"line":64,"column":40}},"64":{"start":{"line":65,"column":0},"end":{"line":65,"column":38}},"65":{"start":{"line":66,"column":0},"end":{"line":66,"column":1}},"66":{"start":{"line":67,"column":0},"end":{"line":67,"column":0}},"67":{"start":{"line":68,"column":0},"end":{"line":68,"column":33}},"68":{"start":{"line":69,"column":0},"end":{"line":69,"column":43}},"69":{"start":{"line":70,"column":0},"end":{"line":70,"column":22}},"70":{"start":{"line":71,"column":0},"end":{"line":71,"column":25}},"71":{"start":{"line":72,"column":0},"end":{"line":72,"column":48}},"72":{"start":{"line":73,"column":0},"end":{"line":73,"column":20}},"73":{"start":{"line":74,"column":0},"end":{"line":74,"column":39}},"74":{"start":{"line":75,"column":0},"end":{"line":75,"column":17}},"75":{"start":{"line":76,"column":0},"end":{"line":76,"column":27}},"76":{"start":{"line":77,"column":0},"end":{"line":77,"column":60}},"77":{"start":{"line":78,"column":0},"end":{"line":78,"column":7}},"78":{"start":{"line":79,"column":0},"end":{"line":79,"column":3}},"79":{"start":{"line":80,"column":0},"end":{"line":80,"column":16}},"80":{"start":{"line":81,"column":0},"end":{"line":81,"column":1}},"81":{"start":{"line":82,"column":0},"end":{"line":82,"column":0}},"82":{"start":{"line":83,"column":0},"end":{"line":83,"column":13}},"83":{"start":{"line":84,"column":0},"end":{"line":84,"column":33}},"84":{"start":{"line":85,"column":0},"end":{"line":85,"column":24}},"85":{"start":{"line":86,"column":0},"end":{"line":86,"column":38}},"86":{"start":{"line":87,"column":0},"end":{"line":87,"column":21}},"87":{"start":{"line":88,"column":0},"end":{"line":88,"column":40}},"88":{"start":{"line":89,"column":0},"end":{"line":89,"column":13}},"89":{"start":{"line":90,"column":0},"end":{"line":90,"column":16}},"90":{"start":{"line":91,"column":0},"end":{"line":91,"column":46}},"91":{"start":{"line":92,"column":0},"end":{"line":92,"column":46}},"92":{"start":{"line":93,"column":0},"end":{"line":93,"column":5}},"93":{"start":{"line":94,"column":0},"end":{"line":94,"column":3}},"94":{"start":{"line":95,"column":0},"end":{"line":95,"column":42}},"95":{"start":{"line":96,"column":0},"end":{"line":96,"column":35}},"96":{"start":{"line":97,"column":0},"end":{"line":97,"column":61}},"97":{"start":{"line":98,"column":0},"end":{"line":98,"column":38}},"98":{"start":{"line":99,"column":0},"end":{"line":99,"column":33}},"99":{"start":{"line":100,"column":0},"end":{"line":100,"column":41}},"100":{"start":{"line":101,"column":0},"end":{"line":101,"column":53}},"101":{"start":{"line":102,"column":0},"end":{"line":102,"column":75}},"102":{"start":{"line":103,"column":0},"end":{"line":103,"column":75}},"103":{"start":{"line":104,"column":0},"end":{"line":104,"column":36}},"104":{"start":{"line":105,"column":0},"end":{"line":105,"column":36}},"105":{"start":{"line":106,"column":0},"end":{"line":106,"column":42}},"106":{"start":{"line":107,"column":0},"end":{"line":107,"column":42}},"107":{"start":{"line":108,"column":0},"end":{"line":108,"column":66}},"108":{"start":{"line":109,"column":0},"end":{"line":109,"column":55}},"109":{"start":{"line":110,"column":0},"end":{"line":110,"column":29}},"110":{"start":{"line":111,"column":0},"end":{"line":111,"column":7}},"111":{"start":{"line":112,"column":0},"end":{"line":112,"column":5}},"112":{"start":{"line":113,"column":0},"end":{"line":113,"column":3}},"113":{"start":{"line":114,"column":0},"end":{"line":114,"column":1}},"114":{"start":{"line":115,"column":0},"end":{"line":115,"column":0}},"115":{"start":{"line":116,"column":0},"end":{"line":116,"column":34}},"116":{"start":{"line":117,"column":0},"end":{"line":117,"column":24}},"117":{"start":{"line":118,"column":0},"end":{"line":118,"column":18}},"118":{"start":{"line":119,"column":0},"end":{"line":119,"column":31}},"119":{"start":{"line":120,"column":0},"end":{"line":120,"column":17}},"120":{"start":{"line":121,"column":0},"end":{"line":121,"column":17}},"121":{"start":{"line":122,"column":0},"end":{"line":122,"column":3}},"122":{"start":{"line":123,"column":0},"end":{"line":123,"column":1}},"123":{"start":{"line":124,"column":0},"end":{"line":124,"column":0}},"124":{"start":{"line":125,"column":0},"end":{"line":125,"column":76}},"125":{"start":{"line":126,"column":0},"end":{"line":126,"column":60}},"126":{"start":{"line":127,"column":0},"end":{"line":127,"column":36}},"127":{"start":{"line":128,"column":0},"end":{"line":128,"column":42}},"128":{"start":{"line":129,"column":0},"end":{"line":129,"column":33}},"129":{"start":{"line":130,"column":0},"end":{"line":130,"column":0}},"130":{"start":{"line":131,"column":0},"end":{"line":131,"column":32}},"131":{"start":{"line":132,"column":0},"end":{"line":132,"column":38}},"132":{"start":{"line":133,"column":0},"end":{"line":133,"column":33}},"133":{"start":{"line":134,"column":0},"end":{"line":134,"column":14}},"134":{"start":{"line":135,"column":0},"end":{"line":135,"column":71}},"135":{"start":{"line":136,"column":0},"end":{"line":136,"column":22}},"136":{"start":{"line":137,"column":0},"end":{"line":137,"column":3}},"137":{"start":{"line":138,"column":0},"end":{"line":138,"column":0}},"138":{"start":{"line":139,"column":0},"end":{"line":139,"column":17}},"139":{"start":{"line":140,"column":0},"end":{"line":140,"column":16}},"140":{"start":{"line":141,"column":0},"end":{"line":141,"column":57}},"141":{"start":{"line":142,"column":0},"end":{"line":142,"column":42}},"142":{"start":{"line":143,"column":0},"end":{"line":143,"column":0}},"143":{"start":{"line":144,"column":0},"end":{"line":144,"column":35}},"144":{"start":{"line":145,"column":0},"end":{"line":145,"column":88}},"145":{"start":{"line":146,"column":0},"end":{"line":146,"column":0}},"146":{"start":{"line":147,"column":0},"end":{"line":147,"column":63}},"147":{"start":{"line":148,"column":0},"end":{"line":148,"column":0}},"148":{"start":{"line":149,"column":0},"end":{"line":149,"column":12}},"149":{"start":{"line":150,"column":0},"end":{"line":150,"column":20}},"150":{"start":{"line":151,"column":0},"end":{"line":151,"column":39}},"151":{"start":{"line":152,"column":0},"end":{"line":152,"column":37}},"152":{"start":{"line":153,"column":0},"end":{"line":153,"column":37}},"153":{"start":{"line":154,"column":0},"end":{"line":154,"column":22}},"154":{"start":{"line":155,"column":0},"end":{"line":155,"column":33}},"155":{"start":{"line":156,"column":0},"end":{"line":156,"column":60}},"156":{"start":{"line":157,"column":0},"end":{"line":157,"column":5}},"157":{"start":{"line":158,"column":0},"end":{"line":158,"column":20}},"158":{"start":{"line":159,"column":0},"end":{"line":159,"column":37}},"159":{"start":{"line":160,"column":0},"end":{"line":160,"column":39}},"160":{"start":{"line":161,"column":0},"end":{"line":161,"column":33}},"161":{"start":{"line":162,"column":0},"end":{"line":162,"column":61}},"162":{"start":{"line":163,"column":0},"end":{"line":163,"column":47}},"163":{"start":{"line":164,"column":0},"end":{"line":164,"column":5}},"164":{"start":{"line":165,"column":0},"end":{"line":165,"column":34}},"165":{"start":{"line":166,"column":0},"end":{"line":166,"column":3}},"166":{"start":{"line":167,"column":0},"end":{"line":167,"column":0}},"167":{"start":{"line":168,"column":0},"end":{"line":168,"column":15}},"168":{"start":{"line":169,"column":0},"end":{"line":169,"column":40}},"169":{"start":{"line":170,"column":0},"end":{"line":170,"column":42}},"170":{"start":{"line":171,"column":0},"end":{"line":171,"column":36}},"171":{"start":{"line":172,"column":0},"end":{"line":172,"column":65}},"172":{"start":{"line":173,"column":0},"end":{"line":173,"column":0}},"173":{"start":{"line":174,"column":0},"end":{"line":174,"column":74}},"174":{"start":{"line":175,"column":0},"end":{"line":175,"column":0}},"175":{"start":{"line":176,"column":0},"end":{"line":176,"column":47}},"176":{"start":{"line":177,"column":0},"end":{"line":177,"column":26}},"177":{"start":{"line":178,"column":0},"end":{"line":178,"column":30}},"178":{"start":{"line":179,"column":0},"end":{"line":179,"column":25}},"179":{"start":{"line":180,"column":0},"end":{"line":180,"column":0}},"180":{"start":{"line":181,"column":0},"end":{"line":181,"column":37}},"181":{"start":{"line":182,"column":0},"end":{"line":182,"column":39}},"182":{"start":{"line":183,"column":0},"end":{"line":183,"column":0}},"183":{"start":{"line":184,"column":0},"end":{"line":184,"column":40}},"184":{"start":{"line":185,"column":0},"end":{"line":185,"column":35}},"185":{"start":{"line":186,"column":0},"end":{"line":186,"column":80}},"186":{"start":{"line":187,"column":0},"end":{"line":187,"column":86}},"187":{"start":{"line":188,"column":0},"end":{"line":188,"column":7}},"188":{"start":{"line":189,"column":0},"end":{"line":189,"column":43}},"189":{"start":{"line":190,"column":0},"end":{"line":190,"column":35}},"190":{"start":{"line":191,"column":0},"end":{"line":191,"column":37}},"191":{"start":{"line":192,"column":0},"end":{"line":192,"column":41}},"192":{"start":{"line":193,"column":0},"end":{"line":193,"column":7}},"193":{"start":{"line":194,"column":0},"end":{"line":194,"column":12}},"194":{"start":{"line":195,"column":0},"end":{"line":195,"column":15}},"195":{"start":{"line":196,"column":0},"end":{"line":196,"column":5}},"196":{"start":{"line":197,"column":0},"end":{"line":197,"column":0}},"197":{"start":{"line":198,"column":0},"end":{"line":198,"column":32}},"198":{"start":{"line":199,"column":0},"end":{"line":199,"column":33}},"199":{"start":{"line":200,"column":0},"end":{"line":200,"column":47}},"200":{"start":{"line":201,"column":0},"end":{"line":201,"column":24}},"201":{"start":{"line":202,"column":0},"end":{"line":202,"column":51}},"202":{"start":{"line":203,"column":0},"end":{"line":203,"column":52}},"203":{"start":{"line":204,"column":0},"end":{"line":204,"column":39}},"204":{"start":{"line":205,"column":0},"end":{"line":205,"column":35}},"205":{"start":{"line":206,"column":0},"end":{"line":206,"column":5}},"206":{"start":{"line":207,"column":0},"end":{"line":207,"column":0}},"207":{"start":{"line":208,"column":0},"end":{"line":208,"column":29}},"208":{"start":{"line":209,"column":0},"end":{"line":209,"column":37}},"209":{"start":{"line":210,"column":0},"end":{"line":210,"column":37}},"210":{"start":{"line":211,"column":0},"end":{"line":211,"column":33}},"211":{"start":{"line":212,"column":0},"end":{"line":212,"column":49}},"212":{"start":{"line":213,"column":0},"end":{"line":213,"column":49}},"213":{"start":{"line":214,"column":0},"end":{"line":214,"column":5}},"214":{"start":{"line":215,"column":0},"end":{"line":215,"column":21}},"215":{"start":{"line":216,"column":0},"end":{"line":216,"column":0}},"216":{"start":{"line":217,"column":0},"end":{"line":217,"column":18}},"217":{"start":{"line":218,"column":0},"end":{"line":218,"column":23}},"218":{"start":{"line":219,"column":0},"end":{"line":219,"column":33}},"219":{"start":{"line":220,"column":0},"end":{"line":220,"column":65}},"220":{"start":{"line":221,"column":0},"end":{"line":221,"column":5}},"221":{"start":{"line":222,"column":0},"end":{"line":222,"column":3}},"222":{"start":{"line":223,"column":0},"end":{"line":223,"column":0}},"223":{"start":{"line":224,"column":0},"end":{"line":224,"column":14}},"224":{"start":{"line":225,"column":0},"end":{"line":225,"column":14}},"225":{"start":{"line":226,"column":0},"end":{"line":226,"column":76}},"226":{"start":{"line":227,"column":0},"end":{"line":227,"column":19}},"227":{"start":{"line":228,"column":0},"end":{"line":228,"column":29}},"228":{"start":{"line":229,"column":0},"end":{"line":229,"column":56}},"229":{"start":{"line":230,"column":0},"end":{"line":230,"column":3}},"230":{"start":{"line":231,"column":0},"end":{"line":231,"column":0}},"231":{"start":{"line":232,"column":0},"end":{"line":232,"column":58}},"232":{"start":{"line":233,"column":0},"end":{"line":233,"column":32}},"233":{"start":{"line":234,"column":0},"end":{"line":234,"column":40}},"234":{"start":{"line":235,"column":0},"end":{"line":235,"column":55}},"235":{"start":{"line":236,"column":0},"end":{"line":236,"column":3}},"236":{"start":{"line":237,"column":0},"end":{"line":237,"column":16}},"237":{"start":{"line":238,"column":0},"end":{"line":238,"column":1}},"238":{"start":{"line":239,"column":0},"end":{"line":239,"column":0}},"239":{"start":{"line":240,"column":0},"end":{"line":240,"column":13}},"240":{"start":{"line":241,"column":0},"end":{"line":241,"column":34}},"241":{"start":{"line":242,"column":0},"end":{"line":242,"column":41}},"242":{"start":{"line":243,"column":0},"end":{"line":243,"column":49}},"243":{"start":{"line":244,"column":0},"end":{"line":244,"column":41}},"244":{"start":{"line":245,"column":0},"end":{"line":245,"column":36}},"245":{"start":{"line":246,"column":0},"end":{"line":246,"column":126}},"246":{"start":{"line":247,"column":0},"end":{"line":247,"column":25}},"247":{"start":{"line":248,"column":0},"end":{"line":248,"column":59}},"248":{"start":{"line":249,"column":0},"end":{"line":249,"column":25}},"249":{"start":{"line":250,"column":0},"end":{"line":250,"column":26}},"250":{"start":{"line":251,"column":0},"end":{"line":251,"column":31}},"251":{"start":{"line":252,"column":0},"end":{"line":252,"column":30}},"252":{"start":{"line":253,"column":0},"end":{"line":253,"column":38}},"253":{"start":{"line":254,"column":0},"end":{"line":254,"column":43}},"254":{"start":{"line":255,"column":0},"end":{"line":255,"column":59}},"255":{"start":{"line":256,"column":0},"end":{"line":256,"column":42}},"256":{"start":{"line":257,"column":0},"end":{"line":257,"column":31}},"257":{"start":{"line":258,"column":0},"end":{"line":258,"column":26}},"258":{"start":{"line":259,"column":0},"end":{"line":259,"column":55}},"259":{"start":{"line":260,"column":0},"end":{"line":260,"column":18}},"260":{"start":{"line":261,"column":0},"end":{"line":261,"column":40}},"261":{"start":{"line":262,"column":0},"end":{"line":262,"column":41}},"262":{"start":{"line":263,"column":0},"end":{"line":263,"column":66}},"263":{"start":{"line":264,"column":0},"end":{"line":264,"column":42}},"264":{"start":{"line":265,"column":0},"end":{"line":265,"column":37}},"265":{"start":{"line":266,"column":0},"end":{"line":266,"column":18}},"266":{"start":{"line":267,"column":0},"end":{"line":267,"column":5}},"267":{"start":{"line":268,"column":0},"end":{"line":268,"column":3}},"268":{"start":{"line":269,"column":0},"end":{"line":269,"column":51}},"269":{"start":{"line":270,"column":0},"end":{"line":270,"column":1}},"270":{"start":{"line":271,"column":0},"end":{"line":271,"column":0}},"271":{"start":{"line":272,"column":0},"end":{"line":272,"column":30}},"272":{"start":{"line":273,"column":0},"end":{"line":273,"column":56}},"273":{"start":{"line":274,"column":0},"end":{"line":274,"column":48}},"274":{"start":{"line":275,"column":0},"end":{"line":275,"column":52}},"275":{"start":{"line":276,"column":0},"end":{"line":276,"column":10}},"276":{"start":{"line":277,"column":0},"end":{"line":277,"column":16}},"277":{"start":{"line":278,"column":0},"end":{"line":278,"column":18}},"278":{"start":{"line":279,"column":0},"end":{"line":279,"column":39}},"279":{"start":{"line":280,"column":0},"end":{"line":280,"column":48}},"280":{"start":{"line":281,"column":0},"end":{"line":281,"column":4}},"281":{"start":{"line":282,"column":0},"end":{"line":282,"column":1}},"282":{"start":{"line":283,"column":0},"end":{"line":283,"column":0}},"283":{"start":{"line":284,"column":0},"end":{"line":284,"column":56}},"284":{"start":{"line":285,"column":0},"end":{"line":285,"column":43}},"285":{"start":{"line":286,"column":0},"end":{"line":286,"column":44}},"286":{"start":{"line":287,"column":0},"end":{"line":287,"column":39}},"287":{"start":{"line":288,"column":0},"end":{"line":288,"column":47}},"288":{"start":{"line":289,"column":0},"end":{"line":289,"column":28}},"289":{"start":{"line":290,"column":0},"end":{"line":290,"column":46}},"290":{"start":{"line":291,"column":0},"end":{"line":291,"column":45}},"291":{"start":{"line":292,"column":0},"end":{"line":292,"column":22}},"292":{"start":{"line":293,"column":0},"end":{"line":293,"column":27}},"293":{"start":{"line":294,"column":0},"end":{"line":294,"column":43}},"294":{"start":{"line":295,"column":0},"end":{"line":295,"column":28}},"295":{"start":{"line":296,"column":0},"end":{"line":296,"column":31}},"296":{"start":{"line":297,"column":0},"end":{"line":297,"column":43}},"297":{"start":{"line":298,"column":0},"end":{"line":298,"column":25}},"298":{"start":{"line":299,"column":0},"end":{"line":299,"column":0}},"299":{"start":{"line":300,"column":0},"end":{"line":300,"column":23}},"300":{"start":{"line":301,"column":0},"end":{"line":301,"column":49}},"301":{"start":{"line":302,"column":0},"end":{"line":302,"column":0}},"302":{"start":{"line":303,"column":0},"end":{"line":303,"column":25}},"303":{"start":{"line":304,"column":0},"end":{"line":304,"column":19}},"304":{"start":{"line":305,"column":0},"end":{"line":305,"column":48}},"305":{"start":{"line":306,"column":0},"end":{"line":306,"column":18}},"306":{"start":{"line":307,"column":0},"end":{"line":307,"column":89}},"307":{"start":{"line":308,"column":0},"end":{"line":308,"column":21}},"308":{"start":{"line":309,"column":0},"end":{"line":309,"column":65}},"309":{"start":{"line":310,"column":0},"end":{"line":310,"column":19}},"310":{"start":{"line":311,"column":0},"end":{"line":311,"column":26}},"311":{"start":{"line":312,"column":0},"end":{"line":312,"column":30}},"312":{"start":{"line":313,"column":0},"end":{"line":313,"column":33}},"313":{"start":{"line":314,"column":0},"end":{"line":314,"column":43}},"314":{"start":{"line":315,"column":0},"end":{"line":315,"column":19}},"315":{"start":{"line":316,"column":0},"end":{"line":316,"column":26}},"316":{"start":{"line":317,"column":0},"end":{"line":317,"column":30}},"317":{"start":{"line":318,"column":0},"end":{"line":318,"column":54}},"318":{"start":{"line":319,"column":0},"end":{"line":319,"column":14}},"319":{"start":{"line":320,"column":0},"end":{"line":320,"column":37}},"320":{"start":{"line":321,"column":0},"end":{"line":321,"column":7}},"321":{"start":{"line":322,"column":0},"end":{"line":322,"column":6}},"322":{"start":{"line":323,"column":0},"end":{"line":323,"column":33}},"323":{"start":{"line":324,"column":0},"end":{"line":324,"column":5}},"324":{"start":{"line":325,"column":0},"end":{"line":325,"column":1}},"325":{"start":{"line":326,"column":0},"end":{"line":326,"column":0}},"326":{"start":{"line":327,"column":0},"end":{"line":327,"column":12}},"327":{"start":{"line":328,"column":0},"end":{"line":328,"column":48}},"328":{"start":{"line":329,"column":0},"end":{"line":329,"column":39}},"329":{"start":{"line":330,"column":0},"end":{"line":330,"column":23}},"330":{"start":{"line":331,"column":0},"end":{"line":331,"column":90}},"331":{"start":{"line":332,"column":0},"end":{"line":332,"column":70}},"332":{"start":{"line":333,"column":0},"end":{"line":333,"column":33}},"333":{"start":{"line":334,"column":0},"end":{"line":334,"column":1}},"334":{"start":{"line":335,"column":0},"end":{"line":335,"column":0}},"335":{"start":{"line":336,"column":0},"end":{"line":336,"column":24}},"336":{"start":{"line":337,"column":0},"end":{"line":337,"column":76}},"337":{"start":{"line":338,"column":0},"end":{"line":338,"column":51}},"338":{"start":{"line":339,"column":0},"end":{"line":339,"column":51}},"339":{"start":{"line":340,"column":0},"end":{"line":340,"column":29}},"340":{"start":{"line":341,"column":0},"end":{"line":341,"column":29}},"341":{"start":{"line":342,"column":0},"end":{"line":342,"column":0}},"342":{"start":{"line":343,"column":0},"end":{"line":343,"column":54}},"343":{"start":{"line":344,"column":0},"end":{"line":344,"column":0}},"344":{"start":{"line":345,"column":0},"end":{"line":345,"column":22}},"345":{"start":{"line":346,"column":0},"end":{"line":346,"column":37}},"346":{"start":{"line":347,"column":0},"end":{"line":347,"column":10}},"347":{"start":{"line":348,"column":0},"end":{"line":348,"column":34}},"348":{"start":{"line":349,"column":0},"end":{"line":349,"column":3}},"349":{"start":{"line":350,"column":0},"end":{"line":350,"column":1}},"350":{"start":{"line":351,"column":0},"end":{"line":351,"column":0}},"351":{"start":{"line":352,"column":0},"end":{"line":352,"column":37}},"352":{"start":{"line":353,"column":0},"end":{"line":353,"column":55}},"353":{"start":{"line":354,"column":0},"end":{"line":354,"column":0}},"354":{"start":{"line":355,"column":0},"end":{"line":355,"column":43}},"355":{"start":{"line":356,"column":0},"end":{"line":356,"column":45}},"356":{"start":{"line":357,"column":0},"end":{"line":357,"column":51}},"357":{"start":{"line":358,"column":0},"end":{"line":358,"column":32}},"358":{"start":{"line":359,"column":0},"end":{"line":359,"column":1}},"359":{"start":{"line":360,"column":0},"end":{"line":360,"column":0}},"360":{"start":{"line":361,"column":0},"end":{"line":361,"column":21}},"361":{"start":{"line":362,"column":0},"end":{"line":362,"column":57}},"362":{"start":{"line":363,"column":0},"end":{"line":363,"column":48}},"363":{"start":{"line":364,"column":0},"end":{"line":364,"column":20}},"364":{"start":{"line":365,"column":0},"end":{"line":365,"column":58}},"365":{"start":{"line":366,"column":0},"end":{"line":366,"column":43}},"366":{"start":{"line":367,"column":0},"end":{"line":367,"column":16}},"367":{"start":{"line":368,"column":0},"end":{"line":368,"column":3}},"368":{"start":{"line":369,"column":0},"end":{"line":369,"column":47}},"369":{"start":{"line":370,"column":0},"end":{"line":370,"column":1}},"370":{"start":{"line":371,"column":0},"end":{"line":371,"column":0}},"371":{"start":{"line":372,"column":0},"end":{"line":372,"column":45}},"372":{"start":{"line":373,"column":0},"end":{"line":373,"column":40}},"373":{"start":{"line":374,"column":0},"end":{"line":374,"column":31}},"374":{"start":{"line":375,"column":0},"end":{"line":375,"column":3}},"375":{"start":{"line":376,"column":0},"end":{"line":376,"column":14}},"376":{"start":{"line":377,"column":0},"end":{"line":377,"column":1}},"377":{"start":{"line":378,"column":0},"end":{"line":378,"column":0}},"378":{"start":{"line":379,"column":0},"end":{"line":379,"column":25}},"379":{"start":{"line":380,"column":0},"end":{"line":380,"column":60}},"380":{"start":{"line":381,"column":0},"end":{"line":381,"column":52}},"381":{"start":{"line":382,"column":0},"end":{"line":382,"column":1}},"382":{"start":{"line":383,"column":0},"end":{"line":383,"column":0}},"383":{"start":{"line":384,"column":0},"end":{"line":384,"column":33}},"384":{"start":{"line":385,"column":0},"end":{"line":385,"column":48}},"385":{"start":{"line":386,"column":0},"end":{"line":386,"column":21}},"386":{"start":{"line":387,"column":0},"end":{"line":387,"column":37}},"387":{"start":{"line":388,"column":0},"end":{"line":388,"column":3}},"388":{"start":{"line":389,"column":0},"end":{"line":389,"column":10}},"389":{"start":{"line":390,"column":0},"end":{"line":390,"column":51}},"390":{"start":{"line":391,"column":0},"end":{"line":391,"column":46}},"391":{"start":{"line":392,"column":0},"end":{"line":392,"column":4}},"392":{"start":{"line":393,"column":0},"end":{"line":393,"column":1}},"393":{"start":{"line":394,"column":0},"end":{"line":394,"column":0}},"394":{"start":{"line":395,"column":0},"end":{"line":395,"column":26}},"395":{"start":{"line":396,"column":0},"end":{"line":396,"column":38}},"396":{"start":{"line":397,"column":0},"end":{"line":397,"column":45}},"397":{"start":{"line":398,"column":0},"end":{"line":398,"column":1}},"398":{"start":{"line":399,"column":0},"end":{"line":399,"column":0}},"399":{"start":{"line":400,"column":0},"end":{"line":400,"column":32}},"400":{"start":{"line":401,"column":0},"end":{"line":401,"column":30}},"401":{"start":{"line":402,"column":0},"end":{"line":402,"column":1}},"402":{"start":{"line":403,"column":0},"end":{"line":403,"column":0}},"403":{"start":{"line":404,"column":0},"end":{"line":404,"column":40}},"404":{"start":{"line":405,"column":0},"end":{"line":405,"column":45}},"405":{"start":{"line":406,"column":0},"end":{"line":406,"column":34}},"406":{"start":{"line":407,"column":0},"end":{"line":407,"column":1}},"407":{"start":{"line":408,"column":0},"end":{"line":408,"column":0}},"408":{"start":{"line":409,"column":0},"end":{"line":409,"column":43}},"409":{"start":{"line":410,"column":0},"end":{"line":410,"column":34}},"410":{"start":{"line":411,"column":0},"end":{"line":411,"column":20}},"411":{"start":{"line":412,"column":0},"end":{"line":412,"column":29}},"412":{"start":{"line":413,"column":0},"end":{"line":413,"column":23}},"413":{"start":{"line":414,"column":0},"end":{"line":414,"column":52}},"414":{"start":{"line":415,"column":0},"end":{"line":415,"column":12}},"415":{"start":{"line":416,"column":0},"end":{"line":416,"column":42}},"416":{"start":{"line":417,"column":0},"end":{"line":417,"column":5}},"417":{"start":{"line":418,"column":0},"end":{"line":418,"column":3}},"418":{"start":{"line":419,"column":0},"end":{"line":419,"column":16}},"419":{"start":{"line":420,"column":0},"end":{"line":420,"column":1}},"420":{"start":{"line":421,"column":0},"end":{"line":421,"column":0}},"421":{"start":{"line":422,"column":0},"end":{"line":422,"column":51}},"422":{"start":{"line":423,"column":0},"end":{"line":423,"column":47}},"423":{"start":{"line":424,"column":0},"end":{"line":424,"column":37}},"424":{"start":{"line":425,"column":0},"end":{"line":425,"column":27}},"425":{"start":{"line":426,"column":0},"end":{"line":426,"column":21}},"426":{"start":{"line":427,"column":0},"end":{"line":427,"column":33}},"427":{"start":{"line":428,"column":0},"end":{"line":428,"column":24}},"428":{"start":{"line":429,"column":0},"end":{"line":429,"column":7}},"429":{"start":{"line":430,"column":0},"end":{"line":430,"column":1}},"430":{"start":{"line":431,"column":0},"end":{"line":431,"column":0}},"431":{"start":{"line":432,"column":0},"end":{"line":432,"column":20}},"432":{"start":{"line":433,"column":0},"end":{"line":433,"column":36}},"433":{"start":{"line":434,"column":0},"end":{"line":434,"column":28}},"434":{"start":{"line":435,"column":0},"end":{"line":435,"column":0}},"435":{"start":{"line":436,"column":0},"end":{"line":436,"column":26}},"436":{"start":{"line":437,"column":0},"end":{"line":437,"column":43}},"437":{"start":{"line":438,"column":0},"end":{"line":438,"column":52}},"438":{"start":{"line":439,"column":0},"end":{"line":439,"column":42}},"439":{"start":{"line":440,"column":0},"end":{"line":440,"column":46}},"440":{"start":{"line":441,"column":0},"end":{"line":441,"column":34}},"441":{"start":{"line":442,"column":0},"end":{"line":442,"column":33}},"442":{"start":{"line":443,"column":0},"end":{"line":443,"column":84}},"443":{"start":{"line":444,"column":0},"end":{"line":444,"column":86}},"444":{"start":{"line":445,"column":0},"end":{"line":445,"column":80}},"445":{"start":{"line":446,"column":0},"end":{"line":446,"column":6}},"446":{"start":{"line":447,"column":0},"end":{"line":447,"column":5}},"447":{"start":{"line":448,"column":0},"end":{"line":448,"column":1}},"448":{"start":{"line":449,"column":0},"end":{"line":449,"column":0}},"449":{"start":{"line":450,"column":0},"end":{"line":450,"column":48}},"450":{"start":{"line":451,"column":0},"end":{"line":451,"column":28}},"451":{"start":{"line":452,"column":0},"end":{"line":452,"column":43}},"452":{"start":{"line":453,"column":0},"end":{"line":453,"column":50}},"453":{"start":{"line":454,"column":0},"end":{"line":454,"column":54}},"454":{"start":{"line":455,"column":0},"end":{"line":455,"column":36}},"455":{"start":{"line":456,"column":0},"end":{"line":456,"column":42}},"456":{"start":{"line":457,"column":0},"end":{"line":457,"column":5}},"457":{"start":{"line":458,"column":0},"end":{"line":458,"column":1}},"458":{"start":{"line":459,"column":0},"end":{"line":459,"column":0}},"459":{"start":{"line":460,"column":0},"end":{"line":460,"column":41}},"460":{"start":{"line":461,"column":0},"end":{"line":461,"column":28}},"461":{"start":{"line":462,"column":0},"end":{"line":462,"column":43}},"462":{"start":{"line":463,"column":0},"end":{"line":463,"column":49}},"463":{"start":{"line":464,"column":0},"end":{"line":464,"column":47}},"464":{"start":{"line":465,"column":0},"end":{"line":465,"column":46}},"465":{"start":{"line":466,"column":0},"end":{"line":466,"column":42}},"466":{"start":{"line":467,"column":0},"end":{"line":467,"column":5}},"467":{"start":{"line":468,"column":0},"end":{"line":468,"column":1}},"468":{"start":{"line":469,"column":0},"end":{"line":469,"column":0}},"469":{"start":{"line":470,"column":0},"end":{"line":470,"column":44}},"470":{"start":{"line":471,"column":0},"end":{"line":471,"column":28}},"471":{"start":{"line":472,"column":0},"end":{"line":472,"column":43}},"472":{"start":{"line":473,"column":0},"end":{"line":473,"column":50}},"473":{"start":{"line":474,"column":0},"end":{"line":474,"column":50}},"474":{"start":{"line":475,"column":0},"end":{"line":475,"column":36}},"475":{"start":{"line":476,"column":0},"end":{"line":476,"column":42}},"476":{"start":{"line":477,"column":0},"end":{"line":477,"column":5}},"477":{"start":{"line":478,"column":0},"end":{"line":478,"column":1}}},"s":{"0":1,"1":1,"2":1,"3":1,"4":1,"5":1,"6":1,"7":1,"8":1,"9":1,"10":1,"11":1,"12":1,"13":1,"14":1,"15":1,"16":1,"17":1,"18":29,"19":116,"20":29,"21":29,"22":1,"23":1,"24":10,"25":8,"26":32,"27":32,"28":512,"29":123,"30":123,"31":512,"32":4,"33":4,"34":385,"35":385,"36":512,"37":512,"38":512,"39":32,"40":8,"41":8,"42":1,"43":1,"44":17,"45":17,"46":17,"47":17,"48":17,"49":17,"50":17,"51":17,"52":17,"53":1,"54":1,"55":3,"56":3,"57":3,"58":3,"59":3,"60":3,"61":3,"62":1,"63":1,"64":1,"65":1,"66":1,"67":1,"68":1,"69":3,"70":2,"71":2,"72":2,"73":3,"74":11,"75":11,"76":11,"77":11,"78":11,"79":2,"80":2,"81":1,"82":1,"83":1,"84":3,"85":3,"86":21,"87":21,"88":21,"89":21,"90":6,"91":6,"92":6,"93":21,"94":3,"95":9,"96":9,"97":9,"98":21,"99":21,"100":36,"101":36,"102":36,"103":36,"104":36,"105":36,"106":36,"107":36,"108":36,"109":36,"110":36,"111":21,"112":9,"113":3,"114":1,"115":1,"116":1,"117":1,"118":1,"119":8,"120":8,"121":8,"122":1,"123":1,"124":1,"125":1,"126":0,"127":0,"128":0,"129":0,"130":0,"131":0,"132":0,"133":0,"134":0,"135":0,"136":0,"137":0,"138":0,"139":0,"140":0,"141":0,"142":0,"143":0,"144":0,"145":0,"146":0,"147":0,"148":0,"149":0,"150":0,"151":0,"152":0,"153":0,"154":0,"155":0,"156":0,"157":0,"158":0,"159":0,"160":0,"161":0,"162":0,"163":0,"164":0,"165":0,"166":0,"167":0,"168":0,"169":0,"170":0,"171":0,"172":0,"173":0,"174":0,"175":0,"176":0,"177":0,"178":0,"179":0,"180":0,"181":0,"182":0,"183":0,"184":0,"185":0,"186":0,"187":0,"188":0,"189":0,"190":0,"191":0,"192":0,"193":0,"194":0,"195":0,"196":0,"197":0,"198":0,"199":0,"200":0,"201":0,"202":0,"203":0,"204":0,"205":0,"206":0,"207":0,"208":0,"209":0,"210":0,"211":0,"212":0,"213":0,"214":0,"215":0,"216":0,"217":0,"218":0,"219":0,"220":0,"221":0,"222":0,"223":0,"224":0,"225":0,"226":0,"227":0,"228":0,"229":0,"230":0,"231":0,"232":0,"233":0,"234":0,"235":0,"236":0,"237":0,"238":1,"239":1,"240":1,"241":3,"242":3,"243":3,"244":3,"245":3,"246":3,"247":3,"248":3,"249":3,"250":3,"251":3,"252":3,"253":3,"254":3,"255":3,"256":3,"257":3,"258":3,"259":3,"260":3,"261":203,"262":303,"263":303,"264":303,"265":303,"266":303,"267":203,"268":3,"269":3,"270":1,"271":1,"272":1,"273":2,"274":2,"275":2,"276":2,"277":2,"278":2,"279":2,"280":2,"281":2,"282":1,"283":1,"284":0,"285":0,"286":0,"287":0,"288":0,"289":0,"290":0,"291":0,"292":0,"293":0,"294":0,"295":0,"296":0,"297":0,"298":0,"299":0,"300":0,"301":0,"302":0,"303":0,"304":0,"305":0,"306":0,"307":0,"308":0,"309":0,"310":0,"311":0,"312":0,"313":0,"314":0,"315":0,"316":0,"317":0,"318":0,"319":0,"320":0,"321":0,"322":0,"323":0,"324":0,"325":1,"326":1,"327":1,"328":4,"329":2,"330":4,"331":2,"332":2,"333":2,"334":1,"335":1,"336":1,"337":7,"338":7,"339":7,"340":7,"341":7,"342":7,"343":5,"344":7,"345":3,"346":7,"347":2,"348":2,"349":7,"350":1,"351":1,"352":1,"353":1,"354":1,"355":5,"356":5,"357":5,"358":5,"359":1,"360":1,"361":1,"362":4,"363":4,"364":4,"365":17,"366":17,"367":17,"368":4,"369":4,"370":1,"371":1,"372":2,"373":22,"374":22,"375":1,"376":1,"377":1,"378":1,"379":1,"380":4,"381":4,"382":1,"383":1,"384":1,"385":4,"386":2,"387":2,"388":2,"389":2,"390":2,"391":2,"392":2,"393":1,"394":1,"395":1,"396":1,"397":1,"398":1,"399":1,"400":1,"401":1,"402":1,"403":1,"404":1,"405":2,"406":2,"407":1,"408":1,"409":2,"410":2,"411":2,"412":8,"413":5,"414":8,"415":3,"416":3,"417":8,"418":2,"419":2,"420":1,"421":1,"422":1,"423":16,"424":16,"425":16,"426":16,"427":16,"428":1,"429":1,"430":1,"431":1,"432":1,"433":1,"434":1,"435":1,"436":0,"437":0,"438":0,"439":0,"440":0,"441":0,"442":0,"443":0,"444":0,"445":0,"446":0,"447":0,"448":1,"449":1,"450":0,"451":0,"452":0,"453":0,"454":0,"455":0,"456":0,"457":0,"458":1,"459":1,"460":0,"461":0,"462":0,"463":0,"464":0,"465":0,"466":0,"467":0,"468":1,"469":1,"470":0,"471":0,"472":0,"473":0,"474":0,"475":0,"476":0,"477":0},"branchMap":{"0":{"type":"branch","line":18,"loc":{"start":{"line":18,"column":7},"end":{"line":22,"column":1}},"locations":[{"start":{"line":18,"column":7},"end":{"line":22,"column":1}}]},"1":{"type":"branch","line":19,"loc":{"start":{"line":19,"column":33},"end":{"line":20,"column":80}},"locations":[{"start":{"line":19,"column":33},"end":{"line":20,"column":80}}]},"2":{"type":"branch","line":20,"loc":{"start":{"line":20,"column":32},"end":{"line":20,"column":79}},"locations":[{"start":{"line":20,"column":32},"end":{"line":20,"column":79}}]},"3":{"type":"branch","line":24,"loc":{"start":{"line":24,"column":7},"end":{"line":42,"column":1}},"locations":[{"start":{"line":24,"column":7},"end":{"line":42,"column":1}}]},"4":{"type":"branch","line":25,"loc":{"start":{"line":25,"column":9},"end":{"line":25,"column":29}},"locations":[{"start":{"line":25,"column":9},"end":{"line":25,"column":29}}]},"5":{"type":"branch","line":25,"loc":{"start":{"line":25,"column":31},"end":{"line":25,"column":59}},"locations":[{"start":{"line":25,"column":31},"end":{"line":25,"column":59}}]},"6":{"type":"branch","line":25,"loc":{"start":{"line":25,"column":58},"end":{"line":42,"column":1}},"locations":[{"start":{"line":25,"column":58},"end":{"line":42,"column":1}}]},"7":{"type":"branch","line":26,"loc":{"start":{"line":26,"column":15},"end":{"line":41,"column":3}},"locations":[{"start":{"line":26,"column":15},"end":{"line":41,"column":3}}]},"8":{"type":"branch","line":27,"loc":{"start":{"line":27,"column":29},"end":{"line":27,"column":64}},"locations":[{"start":{"line":27,"column":29},"end":{"line":27,"column":64}}]},"9":{"type":"branch","line":28,"loc":{"start":{"line":28,"column":19},"end":{"line":40,"column":5}},"locations":[{"start":{"line":28,"column":19},"end":{"line":40,"column":5}}]},"10":{"type":"branch","line":29,"loc":{"start":{"line":29,"column":37},"end":{"line":31,"column":7}},"locations":[{"start":{"line":29,"column":37},"end":{"line":31,"column":7}}]},"11":{"type":"branch","line":31,"loc":{"start":{"line":31,"column":6},"end":{"line":32,"column":35}},"locations":[{"start":{"line":31,"column":6},"end":{"line":32,"column":35}}]},"12":{"type":"branch","line":32,"loc":{"start":{"line":32,"column":35},"end":{"line":32,"column":51}},"locations":[{"start":{"line":32,"column":35},"end":{"line":32,"column":51}}]},"13":{"type":"branch","line":32,"loc":{"start":{"line":32,"column":53},"end":{"line":34,"column":7}},"locations":[{"start":{"line":32,"column":53},"end":{"line":34,"column":7}}]},"14":{"type":"branch","line":34,"loc":{"start":{"line":34,"column":6},"end":{"line":37,"column":44}},"locations":[{"start":{"line":34,"column":6},"end":{"line":37,"column":44}}]},"15":{"type":"branch","line":37,"loc":{"start":{"line":37,"column":44},"end":{"line":37,"column":55}},"locations":[{"start":{"line":37,"column":44},"end":{"line":37,"column":55}}]},"16":{"type":"branch","line":37,"loc":{"start":{"line":37,"column":56},"end":{"line":37,"column":61}},"locations":[{"start":{"line":37,"column":56},"end":{"line":37,"column":61}}]},"17":{"type":"branch","line":38,"loc":{"start":{"line":38,"column":26},"end":{"line":38,"column":59}},"locations":[{"start":{"line":38,"column":26},"end":{"line":38,"column":59}}]},"18":{"type":"branch","line":38,"loc":{"start":{"line":38,"column":60},"end":{"line":38,"column":72}},"locations":[{"start":{"line":38,"column":60},"end":{"line":38,"column":72}}]},"19":{"type":"branch","line":38,"loc":{"start":{"line":38,"column":73},"end":{"line":38,"column":77}},"locations":[{"start":{"line":38,"column":73},"end":{"line":38,"column":77}}]},"20":{"type":"branch","line":44,"loc":{"start":{"line":44,"column":7},"end":{"line":53,"column":1}},"locations":[{"start":{"line":44,"column":7},"end":{"line":53,"column":1}}]},"21":{"type":"branch","line":55,"loc":{"start":{"line":55,"column":7},"end":{"line":62,"column":1}},"locations":[{"start":{"line":55,"column":7},"end":{"line":62,"column":1}}]},"22":{"type":"branch","line":64,"loc":{"start":{"line":64,"column":7},"end":{"line":66,"column":1}},"locations":[{"start":{"line":64,"column":7},"end":{"line":66,"column":1}}]},"23":{"type":"branch","line":69,"loc":{"start":{"line":69,"column":7},"end":{"line":81,"column":1}},"locations":[{"start":{"line":69,"column":7},"end":{"line":81,"column":1}}]},"24":{"type":"branch","line":70,"loc":{"start":{"line":70,"column":12},"end":{"line":70,"column":22}},"locations":[{"start":{"line":70,"column":12},"end":{"line":70,"column":22}}]},"25":{"type":"branch","line":70,"loc":{"start":{"line":70,"column":21},"end":{"line":74,"column":38}},"locations":[{"start":{"line":70,"column":21},"end":{"line":74,"column":38}}]},"26":{"type":"branch","line":74,"loc":{"start":{"line":74,"column":38},"end":{"line":79,"column":3}},"locations":[{"start":{"line":74,"column":38},"end":{"line":79,"column":3}}]},"27":{"type":"branch","line":77,"loc":{"start":{"line":77,"column":33},"end":{"line":77,"column":38}},"locations":[{"start":{"line":77,"column":33},"end":{"line":77,"column":38}}]},"28":{"type":"branch","line":77,"loc":{"start":{"line":77,"column":39},"end":{"line":77,"column":60}},"locations":[{"start":{"line":77,"column":39},"end":{"line":77,"column":60}}]},"29":{"type":"branch","line":79,"loc":{"start":{"line":79,"column":2},"end":{"line":81,"column":1}},"locations":[{"start":{"line":79,"column":2},"end":{"line":81,"column":1}}]},"30":{"type":"branch","line":84,"loc":{"start":{"line":84,"column":7},"end":{"line":114,"column":1}},"locations":[{"start":{"line":84,"column":7},"end":{"line":114,"column":1}}]},"31":{"type":"branch","line":86,"loc":{"start":{"line":86,"column":37},"end":{"line":94,"column":3}},"locations":[{"start":{"line":86,"column":37},"end":{"line":94,"column":3}}]},"32":{"type":"branch","line":88,"loc":{"start":{"line":88,"column":31},"end":{"line":88,"column":40}},"locations":[{"start":{"line":88,"column":31},"end":{"line":88,"column":40}}]},"33":{"type":"branch","line":90,"loc":{"start":{"line":90,"column":15},"end":{"line":93,"column":5}},"locations":[{"start":{"line":90,"column":15},"end":{"line":93,"column":5}}]},"34":{"type":"branch","line":95,"loc":{"start":{"line":95,"column":41},"end":{"line":113,"column":3}},"locations":[{"start":{"line":95,"column":41},"end":{"line":113,"column":3}}]},"35":{"type":"branch","line":98,"loc":{"start":{"line":98,"column":37},"end":{"line":112,"column":5}},"locations":[{"start":{"line":98,"column":37},"end":{"line":112,"column":5}}]},"36":{"type":"branch","line":100,"loc":{"start":{"line":100,"column":40},"end":{"line":111,"column":7}},"locations":[{"start":{"line":100,"column":40},"end":{"line":111,"column":7}}]},"37":{"type":"branch","line":116,"loc":{"start":{"line":116,"column":7},"end":{"line":123,"column":1}},"locations":[{"start":{"line":116,"column":7},"end":{"line":123,"column":1}}]},"38":{"type":"branch","line":119,"loc":{"start":{"line":119,"column":30},"end":{"line":122,"column":3}},"locations":[{"start":{"line":119,"column":30},"end":{"line":122,"column":3}}]},"39":{"type":"branch","line":241,"loc":{"start":{"line":241,"column":7},"end":{"line":270,"column":1}},"locations":[{"start":{"line":241,"column":7},"end":{"line":270,"column":1}}]},"40":{"type":"branch","line":261,"loc":{"start":{"line":261,"column":39},"end":{"line":268,"column":3}},"locations":[{"start":{"line":261,"column":39},"end":{"line":268,"column":3}}]},"41":{"type":"branch","line":262,"loc":{"start":{"line":262,"column":40},"end":{"line":267,"column":5}},"locations":[{"start":{"line":262,"column":40},"end":{"line":267,"column":5}}]},"42":{"type":"branch","line":264,"loc":{"start":{"line":264,"column":16},"end":{"line":264,"column":28}},"locations":[{"start":{"line":264,"column":16},"end":{"line":264,"column":28}}]},"43":{"type":"branch","line":264,"loc":{"start":{"line":264,"column":29},"end":{"line":264,"column":41}},"locations":[{"start":{"line":264,"column":29},"end":{"line":264,"column":41}}]},"44":{"type":"branch","line":246,"loc":{"start":{"line":246,"column":22},"end":{"line":246,"column":125}},"locations":[{"start":{"line":246,"column":22},"end":{"line":246,"column":125}}]},"45":{"type":"branch","line":246,"loc":{"start":{"line":246,"column":78},"end":{"line":246,"column":123}},"locations":[{"start":{"line":246,"column":78},"end":{"line":246,"column":123}}]},"46":{"type":"branch","line":273,"loc":{"start":{"line":273,"column":7},"end":{"line":282,"column":1}},"locations":[{"start":{"line":273,"column":7},"end":{"line":282,"column":1}}]},"47":{"type":"branch","line":274,"loc":{"start":{"line":274,"column":43},"end":{"line":274,"column":47}},"locations":[{"start":{"line":274,"column":43},"end":{"line":274,"column":47}}]},"48":{"type":"branch","line":275,"loc":{"start":{"line":275,"column":47},"end":{"line":275,"column":51}},"locations":[{"start":{"line":275,"column":47},"end":{"line":275,"column":51}}]},"49":{"type":"branch","line":328,"loc":{"start":{"line":328,"column":7},"end":{"line":334,"column":1}},"locations":[{"start":{"line":328,"column":7},"end":{"line":334,"column":1}}]},"50":{"type":"branch","line":329,"loc":{"start":{"line":329,"column":27},"end":{"line":331,"column":44}},"locations":[{"start":{"line":329,"column":27},"end":{"line":331,"column":44}}]},"51":{"type":"branch","line":331,"loc":{"start":{"line":331,"column":44},"end":{"line":331,"column":90}},"locations":[{"start":{"line":331,"column":44},"end":{"line":331,"column":90}}]},"52":{"type":"branch","line":331,"loc":{"start":{"line":331,"column":89},"end":{"line":334,"column":1}},"locations":[{"start":{"line":331,"column":89},"end":{"line":334,"column":1}}]},"53":{"type":"branch","line":332,"loc":{"start":{"line":332,"column":31},"end":{"line":332,"column":46}},"locations":[{"start":{"line":332,"column":31},"end":{"line":332,"column":46}}]},"54":{"type":"branch","line":337,"loc":{"start":{"line":337,"column":7},"end":{"line":350,"column":1}},"locations":[{"start":{"line":337,"column":7},"end":{"line":350,"column":1}}]},"55":{"type":"branch","line":343,"loc":{"start":{"line":343,"column":42},"end":{"line":343,"column":54}},"locations":[{"start":{"line":343,"column":42},"end":{"line":343,"column":54}}]},"56":{"type":"branch","line":343,"loc":{"start":{"line":343,"column":53},"end":{"line":345,"column":21}},"locations":[{"start":{"line":343,"column":53},"end":{"line":345,"column":21}}]},"57":{"type":"branch","line":345,"loc":{"start":{"line":345,"column":21},"end":{"line":347,"column":3}},"locations":[{"start":{"line":345,"column":21},"end":{"line":347,"column":3}}]},"58":{"type":"branch","line":346,"loc":{"start":{"line":346,"column":18},"end":{"line":346,"column":27}},"locations":[{"start":{"line":346,"column":18},"end":{"line":346,"column":27}}]},"59":{"type":"branch","line":346,"loc":{"start":{"line":346,"column":28},"end":{"line":346,"column":36}},"locations":[{"start":{"line":346,"column":28},"end":{"line":346,"column":36}}]},"60":{"type":"branch","line":347,"loc":{"start":{"line":347,"column":3},"end":{"line":349,"column":3}},"locations":[{"start":{"line":347,"column":3},"end":{"line":349,"column":3}}]},"61":{"type":"branch","line":348,"loc":{"start":{"line":348,"column":18},"end":{"line":348,"column":26}},"locations":[{"start":{"line":348,"column":18},"end":{"line":348,"column":26}}]},"62":{"type":"branch","line":348,"loc":{"start":{"line":348,"column":27},"end":{"line":348,"column":33}},"locations":[{"start":{"line":348,"column":27},"end":{"line":348,"column":33}}]},"63":{"type":"branch","line":355,"loc":{"start":{"line":355,"column":7},"end":{"line":359,"column":1}},"locations":[{"start":{"line":355,"column":7},"end":{"line":359,"column":1}}]},"64":{"type":"branch","line":362,"loc":{"start":{"line":362,"column":7},"end":{"line":370,"column":1}},"locations":[{"start":{"line":362,"column":7},"end":{"line":370,"column":1}}]},"65":{"type":"branch","line":365,"loc":{"start":{"line":365,"column":30},"end":{"line":365,"column":55}},"locations":[{"start":{"line":365,"column":30},"end":{"line":365,"column":55}}]},"66":{"type":"branch","line":365,"loc":{"start":{"line":365,"column":57},"end":{"line":368,"column":3}},"locations":[{"start":{"line":365,"column":57},"end":{"line":368,"column":3}}]},"67":{"type":"branch","line":369,"loc":{"start":{"line":369,"column":29},"end":{"line":369,"column":39}},"locations":[{"start":{"line":369,"column":29},"end":{"line":369,"column":39}}]},"68":{"type":"branch","line":369,"loc":{"start":{"line":369,"column":40},"end":{"line":369,"column":46}},"locations":[{"start":{"line":369,"column":40},"end":{"line":369,"column":46}}]},"69":{"type":"branch","line":372,"loc":{"start":{"line":372,"column":7},"end":{"line":377,"column":1}},"locations":[{"start":{"line":372,"column":7},"end":{"line":377,"column":1}}]},"70":{"type":"branch","line":373,"loc":{"start":{"line":373,"column":39},"end":{"line":375,"column":3}},"locations":[{"start":{"line":373,"column":39},"end":{"line":375,"column":3}}]},"71":{"type":"branch","line":374,"loc":{"start":{"line":374,"column":22},"end":{"line":374,"column":31}},"locations":[{"start":{"line":374,"column":22},"end":{"line":374,"column":31}}]},"72":{"type":"branch","line":375,"loc":{"start":{"line":375,"column":2},"end":{"line":377,"column":1}},"locations":[{"start":{"line":375,"column":2},"end":{"line":377,"column":1}}]},"73":{"type":"branch","line":380,"loc":{"start":{"line":380,"column":7},"end":{"line":382,"column":1}},"locations":[{"start":{"line":380,"column":7},"end":{"line":382,"column":1}}]},"74":{"type":"branch","line":385,"loc":{"start":{"line":385,"column":7},"end":{"line":393,"column":1}},"locations":[{"start":{"line":385,"column":7},"end":{"line":393,"column":1}}]},"75":{"type":"branch","line":386,"loc":{"start":{"line":386,"column":20},"end":{"line":393,"column":1}},"locations":[{"start":{"line":386,"column":20},"end":{"line":393,"column":1}}]},"76":{"type":"branch","line":396,"loc":{"start":{"line":396,"column":7},"end":{"line":398,"column":1}},"locations":[{"start":{"line":396,"column":7},"end":{"line":398,"column":1}}]},"77":{"type":"branch","line":400,"loc":{"start":{"line":400,"column":7},"end":{"line":402,"column":1}},"locations":[{"start":{"line":400,"column":7},"end":{"line":402,"column":1}}]},"78":{"type":"branch","line":405,"loc":{"start":{"line":405,"column":7},"end":{"line":407,"column":1}},"locations":[{"start":{"line":405,"column":7},"end":{"line":407,"column":1}}]},"79":{"type":"branch","line":409,"loc":{"start":{"line":409,"column":7},"end":{"line":420,"column":1}},"locations":[{"start":{"line":409,"column":7},"end":{"line":420,"column":1}}]},"80":{"type":"branch","line":412,"loc":{"start":{"line":412,"column":28},"end":{"line":418,"column":3}},"locations":[{"start":{"line":412,"column":28},"end":{"line":418,"column":3}}]},"81":{"type":"branch","line":413,"loc":{"start":{"line":413,"column":22},"end":{"line":415,"column":5}},"locations":[{"start":{"line":413,"column":22},"end":{"line":415,"column":5}}]},"82":{"type":"branch","line":415,"loc":{"start":{"line":415,"column":5},"end":{"line":417,"column":5}},"locations":[{"start":{"line":415,"column":5},"end":{"line":417,"column":5}}]},"83":{"type":"branch","line":422,"loc":{"start":{"line":422,"column":7},"end":{"line":430,"column":1}},"locations":[{"start":{"line":422,"column":7},"end":{"line":430,"column":1}}]},"84":{"type":"branch","line":423,"loc":{"start":{"line":423,"column":40},"end":{"line":429,"column":4}},"locations":[{"start":{"line":423,"column":40},"end":{"line":429,"column":4}}]}},"b":{"0":[29],"1":[116],"2":[1856],"3":[10],"4":[8],"5":[2],"6":[8],"7":[32],"8":[0],"9":[512],"10":[123],"11":[389],"12":[386],"13":[4],"14":[385],"15":[384],"16":[1],"17":[384],"18":[384],"19":[1],"20":[17],"21":[3],"22":[1],"23":[3],"24":[1],"25":[2],"26":[11],"27":[2],"28":[9],"29":[2],"30":[3],"31":[21],"32":[12],"33":[6],"34":[9],"35":[21],"36":[36],"37":[1],"38":[8],"39":[3],"40":[203],"41":[303],"42":[1],"43":[302],"44":[12],"45":[48],"46":[2],"47":[1],"48":[1],"49":[4],"50":[2],"51":[6],"52":[2],"53":[6],"54":[7],"55":[2],"56":[5],"57":[3],"58":[2],"59":[1],"60":[2],"61":[1],"62":[1],"63":[5],"64":[4],"65":[18],"66":[17],"67":[3],"68":[1],"69":[2],"70":[22],"71":[1],"72":[1],"73":[4],"74":[4],"75":[2],"76":[1],"77":[1],"78":[2],"79":[2],"80":[8],"81":[5],"82":[3],"83":[1],"84":[16]},"fnMap":{"0":{"name":"createEmptyPattern","decl":{"start":{"line":18,"column":7},"end":{"line":22,"column":1}},"loc":{"start":{"line":18,"column":7},"end":{"line":22,"column":1}},"line":18},"1":{"name":"normalizePattern","decl":{"start":{"line":24,"column":7},"end":{"line":42,"column":1}},"loc":{"start":{"line":24,"column":7},"end":{"line":42,"column":1}},"line":24},"2":{"name":"createDefaultPadSettings","decl":{"start":{"line":44,"column":7},"end":{"line":53,"column":1}},"loc":{"start":{"line":44,"column":7},"end":{"line":53,"column":1}},"line":44},"3":{"name":"createDefaultPatterns","decl":{"start":{"line":55,"column":7},"end":{"line":62,"column":1}},"loc":{"start":{"line":55,"column":7},"end":{"line":62,"column":1}},"line":55},"4":{"name":"createEmptySongChain","decl":{"start":{"line":64,"column":7},"end":{"line":66,"column":1}},"loc":{"start":{"line":64,"column":7},"end":{"line":66,"column":1}},"line":64},"5":{"name":"autoSlice","decl":{"start":{"line":69,"column":7},"end":{"line":81,"column":1}},"loc":{"start":{"line":69,"column":7},"end":{"line":81,"column":1}},"line":69},"6":{"name":"fft","decl":{"start":{"line":84,"column":7},"end":{"line":114,"column":1}},"loc":{"start":{"line":84,"column":7},"end":{"line":114,"column":1}},"line":84},"7":{"name":"ifft","decl":{"start":{"line":116,"column":7},"end":{"line":123,"column":1}},"loc":{"start":{"line":116,"column":7},"end":{"line":123,"column":1}},"line":116},"8":{"name":"phaseVocoder","decl":{"start":{"line":126,"column":7},"end":{"line":238,"column":1}},"loc":{"start":{"line":126,"column":7},"end":{"line":238,"column":1}},"line":126},"9":{"name":"bufferToWav","decl":{"start":{"line":241,"column":7},"end":{"line":270,"column":1}},"loc":{"start":{"line":241,"column":7},"end":{"line":270,"column":1}},"line":241},"10":{"name":"writeString","decl":{"start":{"line":246,"column":22},"end":{"line":246,"column":125}},"loc":{"start":{"line":246,"column":22},"end":{"line":246,"column":125}},"line":246},"11":{"name":"calculateLatencyCompensation","decl":{"start":{"line":273,"column":7},"end":{"line":282,"column":1}},"loc":{"start":{"line":273,"column":7},"end":{"line":282,"column":1}},"line":273},"12":{"name":"measureLatencyFallback","decl":{"start":{"line":284,"column":7},"end":{"line":325,"column":1}},"loc":{"start":{"line":284,"column":7},"end":{"line":325,"column":1}},"line":284},"13":{"name":"calculateBpmFromTaps","decl":{"start":{"line":328,"column":7},"end":{"line":334,"column":1}},"loc":{"start":{"line":328,"column":7},"end":{"line":334,"column":1}},"line":328},"14":{"name":"detectSwipeDirection","decl":{"start":{"line":337,"column":7},"end":{"line":350,"column":1}},"loc":{"start":{"line":337,"column":7},"end":{"line":350,"column":1}},"line":337},"15":{"name":"cycleProbability","decl":{"start":{"line":355,"column":7},"end":{"line":359,"column":1}},"loc":{"start":{"line":355,"column":7},"end":{"line":359,"column":1}},"line":355},"16":{"name":"getNextSongStep","decl":{"start":{"line":362,"column":7},"end":{"line":370,"column":1}},"loc":{"start":{"line":362,"column":7},"end":{"line":370,"column":1}},"line":362},"17":{"name":"getFirstSongStep","decl":{"start":{"line":372,"column":7},"end":{"line":377,"column":1}},"loc":{"start":{"line":372,"column":7},"end":{"line":377,"column":1}},"line":372},"18":{"name":"calculatePlaybackRate","decl":{"start":{"line":380,"column":7},"end":{"line":382,"column":1}},"loc":{"start":{"line":380,"column":7},"end":{"line":382,"column":1}},"line":380},"19":{"name":"calculateBitcrushParams","decl":{"start":{"line":385,"column":7},"end":{"line":393,"column":1}},"loc":{"start":{"line":385,"column":7},"end":{"line":393,"column":1}},"line":385},"20":{"name":"copyPattern","decl":{"start":{"line":396,"column":7},"end":{"line":398,"column":1}},"loc":{"start":{"line":396,"column":7},"end":{"line":398,"column":1}},"line":396},"21":{"name":"clearPattern","decl":{"start":{"line":400,"column":7},"end":{"line":402,"column":1}},"loc":{"start":{"line":400,"column":7},"end":{"line":402,"column":1}},"line":400},"22":{"name":"serializePatterns","decl":{"start":{"line":405,"column":7},"end":{"line":407,"column":1}},"loc":{"start":{"line":405,"column":7},"end":{"line":407,"column":1}},"line":405},"23":{"name":"deserializePatterns","decl":{"start":{"line":409,"column":7},"end":{"line":420,"column":1}},"loc":{"start":{"line":409,"column":7},"end":{"line":420,"column":1}},"line":409},"24":{"name":"serializePadSettings","decl":{"start":{"line":422,"column":7},"end":{"line":430,"column":1}},"loc":{"start":{"line":422,"column":7},"end":{"line":430,"column":1}},"line":422},"25":{"name":"openDB","decl":{"start":{"line":436,"column":7},"end":{"line":448,"column":1}},"loc":{"start":{"line":436,"column":7},"end":{"line":448,"column":1}},"line":436},"26":{"name":"dbPut","decl":{"start":{"line":450,"column":7},"end":{"line":458,"column":1}},"loc":{"start":{"line":450,"column":7},"end":{"line":458,"column":1}},"line":450},"27":{"name":"dbGet","decl":{"start":{"line":460,"column":7},"end":{"line":468,"column":1}},"loc":{"start":{"line":460,"column":7},"end":{"line":468,"column":1}},"line":460},"28":{"name":"dbDelete","decl":{"start":{"line":470,"column":7},"end":{"line":478,"column":1}},"loc":{"start":{"line":470,"column":7},"end":{"line":478,"column":1}},"line":470}},"f":{"0":29,"1":10,"2":17,"3":3,"4":1,"5":3,"6":3,"7":1,"8":0,"9":3,"10":12,"11":2,"12":0,"13":4,"14":7,"15":5,"16":4,"17":2,"18":4,"19":4,"20":1,"21":1,"22":2,"23":2,"24":1,"25":0,"26":0,"27":0,"28":0}}
,"/home/synth/tapeloop/src/patterns.js": {"path":"/home/synth/tapeloop/src/patterns.js","all":false,"statementMap":{"0":{"start":{"line":1,"column":0},"end":{"line":1,"column":3}},"1":{"start":{"line":2,"column":0},"end":{"line":2,"column":25}},"2":{"start":{"line":3,"column":0},"end":{"line":3,"column":66}},"3":{"start":{"line":4,"column":0},"end":{"line":4,"column":3}},"4":{"start":{"line":5,"column":0},"end":{"line":5,"column":0}},"5":{"start":{"line":6,"column":0},"end":{"line":6,"column":24}},"6":{"start":{"line":7,"column":0},"end":{"line":7,"column":23}},"7":{"start":{"line":8,"column":0},"end":{"line":8,"column":42}},"8":{"start":{"line":9,"column":0},"end":{"line":9,"column":0}},"9":{"start":{"line":10,"column":0},"end":{"line":10,"column":38}},"10":{"start":{"line":11,"column":0},"end":{"line":11,"column":40}},"11":{"start":{"line":12,"column":0},"end":{"line":12,"column":82}},"12":{"start":{"line":13,"column":0},"end":{"line":13,"column":4}},"13":{"start":{"line":14,"column":0},"end":{"line":14,"column":1}},"14":{"start":{"line":15,"column":0},"end":{"line":15,"column":0}},"15":{"start":{"line":16,"column":0},"end":{"line":16,"column":37}},"16":{"start":{"line":17,"column":0},"end":{"line":17,"column":59}},"17":{"start":{"line":18,"column":0},"end":{"line":18,"column":23}},"18":{"start":{"line":19,"column":0},"end":{"line":19,"column":64}},"19":{"start":{"line":20,"column":0},"end":{"line":20,"column":28}},"20":{"start":{"line":21,"column":0},"end":{"line":21,"column":38}},"21":{"start":{"line":22,"column":0},"end":{"line":22,"column":54}},"22":{"start":{"line":23,"column":0},"end":{"line":23,"column":7}},"23":{"start":{"line":24,"column":0},"end":{"line":24,"column":54}},"24":{"start":{"line":25,"column":0},"end":{"line":25,"column":55}},"25":{"start":{"line":26,"column":0},"end":{"line":26,"column":7}},"26":{"start":{"line":27,"column":0},"end":{"line":27,"column":14}},"27":{"start":{"line":28,"column":0},"end":{"line":28,"column":30}},"28":{"start":{"line":29,"column":0},"end":{"line":29,"column":62}},"29":{"start":{"line":30,"column":0},"end":{"line":30,"column":77}},"30":{"start":{"line":31,"column":0},"end":{"line":31,"column":8}},"31":{"start":{"line":32,"column":0},"end":{"line":32,"column":7}},"32":{"start":{"line":33,"column":0},"end":{"line":33,"column":5}},"33":{"start":{"line":34,"column":0},"end":{"line":34,"column":1}},"34":{"start":{"line":35,"column":0},"end":{"line":35,"column":0}},"35":{"start":{"line":36,"column":0},"end":{"line":36,"column":43}},"36":{"start":{"line":37,"column":0},"end":{"line":37,"column":42}},"37":{"start":{"line":38,"column":0},"end":{"line":38,"column":37}},"38":{"start":{"line":39,"column":0},"end":{"line":39,"column":41}},"39":{"start":{"line":40,"column":0},"end":{"line":40,"column":1}},"40":{"start":{"line":41,"column":0},"end":{"line":41,"column":0}},"41":{"start":{"line":42,"column":0},"end":{"line":42,"column":79}},"42":{"start":{"line":43,"column":0},"end":{"line":43,"column":33}},"43":{"start":{"line":44,"column":0},"end":{"line":44,"column":28}},"44":{"start":{"line":45,"column":0},"end":{"line":45,"column":49}},"45":{"start":{"line":46,"column":0},"end":{"line":46,"column":25}},"46":{"start":{"line":47,"column":0},"end":{"line":47,"column":44}},"47":{"start":{"line":48,"column":0},"end":{"line":48,"column":28}},"48":{"start":{"line":49,"column":0},"end":{"line":49,"column":35}},"49":{"start":{"line":50,"column":0},"end":{"line":50,"column":46}},"50":{"start":{"line":51,"column":0},"end":{"line":51,"column":35}},"51":{"start":{"line":52,"column":0},"end":{"line":52,"column":12}},"52":{"start":{"line":53,"column":0},"end":{"line":53,"column":40}},"53":{"start":{"line":54,"column":0},"end":{"line":54,"column":5}},"54":{"start":{"line":55,"column":0},"end":{"line":55,"column":61}},"55":{"start":{"line":56,"column":0},"end":{"line":56,"column":25}},"56":{"start":{"line":57,"column":0},"end":{"line":57,"column":22}},"57":{"start":{"line":58,"column":0},"end":{"line":58,"column":5}},"58":{"start":{"line":59,"column":0},"end":{"line":59,"column":10}},"59":{"start":{"line":60,"column":0},"end":{"line":60,"column":31}},"60":{"start":{"line":61,"column":0},"end":{"line":61,"column":23}},"61":{"start":{"line":62,"column":0},"end":{"line":62,"column":22}},"62":{"start":{"line":63,"column":0},"end":{"line":63,"column":22}},"63":{"start":{"line":64,"column":0},"end":{"line":64,"column":5}},"64":{"start":{"line":65,"column":0},"end":{"line":65,"column":3}},"65":{"start":{"line":66,"column":0},"end":{"line":66,"column":17}},"66":{"start":{"line":67,"column":0},"end":{"line":67,"column":1}},"67":{"start":{"line":68,"column":0},"end":{"line":68,"column":0}},"68":{"start":{"line":69,"column":0},"end":{"line":69,"column":45}},"69":{"start":{"line":70,"column":0},"end":{"line":70,"column":33}},"70":{"start":{"line":71,"column":0},"end":{"line":71,"column":1}},"71":{"start":{"line":72,"column":0},"end":{"line":72,"column":0}},"72":{"start":{"line":73,"column":0},"end":{"line":73,"column":54}},"73":{"start":{"line":74,"column":0},"end":{"line":74,"column":31}},"74":{"start":{"line":75,"column":0},"end":{"line":75,"column":37}},"75":{"start":{"line":76,"column":0},"end":{"line":76,"column":20}},"76":{"start":{"line":77,"column":0},"end":{"line":77,"column":47}},"77":{"start":{"line":78,"column":0},"end":{"line":78,"column":28}},"78":{"start":{"line":79,"column":0},"end":{"line":79,"column":16}},"79":{"start":{"line":80,"column":0},"end":{"line":80,"column":3}},"80":{"start":{"line":81,"column":0},"end":{"line":81,"column":46}},"81":{"start":{"line":82,"column":0},"end":{"line":82,"column":1}},"82":{"start":{"line":83,"column":0},"end":{"line":83,"column":0}},"83":{"start":{"line":84,"column":0},"end":{"line":84,"column":54}},"84":{"start":{"line":85,"column":0},"end":{"line":85,"column":56}},"85":{"start":{"line":86,"column":0},"end":{"line":86,"column":70}},"86":{"start":{"line":87,"column":0},"end":{"line":87,"column":62}},"87":{"start":{"line":88,"column":0},"end":{"line":88,"column":1}},"88":{"start":{"line":89,"column":0},"end":{"line":89,"column":0}},"89":{"start":{"line":90,"column":0},"end":{"line":90,"column":54}},"90":{"start":{"line":91,"column":0},"end":{"line":91,"column":59}},"91":{"start":{"line":92,"column":0},"end":{"line":92,"column":1}}},"s":{"0":1,"1":1,"2":1,"3":1,"4":1,"5":1,"6":1,"7":1,"8":1,"9":1,"10":10,"11":40,"12":10,"13":10,"14":1,"15":1,"16":5,"17":3,"18":4,"19":4,"20":9,"21":5,"22":5,"23":9,"24":3,"25":3,"26":1,"27":1,"28":9,"29":9,"30":9,"31":4,"32":3,"33":3,"34":1,"35":1,"36":6,"37":6,"38":6,"39":6,"40":1,"41":1,"42":6,"43":6,"44":1,"45":1,"46":1,"47":1,"48":6,"49":3,"50":1,"51":3,"52":2,"53":2,"54":3,"55":2,"56":2,"57":2,"58":5,"59":2,"60":2,"61":1,"62":1,"63":1,"64":2,"65":6,"66":6,"67":1,"68":1,"69":1,"70":1,"71":1,"72":1,"73":4,"74":4,"75":4,"76":4,"77":6,"78":6,"79":6,"80":4,"81":4,"82":1,"83":1,"84":5,"85":3,"86":3,"87":3,"88":1,"89":1,"90":2,"91":2},"branchMap":{"0":{"type":"branch","line":10,"loc":{"start":{"line":10,"column":7},"end":{"line":14,"column":1}},"locations":[{"start":{"line":10,"column":7},"end":{"line":14,"column":1}}]},"1":{"type":"branch","line":11,"loc":{"start":{"line":11,"column":35},"end":{"line":12,"column":82}},"locations":[{"start":{"line":11,"column":35},"end":{"line":12,"column":82}}]},"2":{"type":"branch","line":12,"loc":{"start":{"line":12,"column":34},"end":{"line":12,"column":81}},"locations":[{"start":{"line":12,"column":34},"end":{"line":12,"column":81}}]},"3":{"type":"branch","line":16,"loc":{"start":{"line":16,"column":7},"end":{"line":34,"column":1}},"locations":[{"start":{"line":16,"column":7},"end":{"line":34,"column":1}}]},"4":{"type":"branch","line":17,"loc":{"start":{"line":17,"column":9},"end":{"line":17,"column":29}},"locations":[{"start":{"line":17,"column":9},"end":{"line":17,"column":29}}]},"5":{"type":"branch","line":17,"loc":{"start":{"line":17,"column":31},"end":{"line":17,"column":59}},"locations":[{"start":{"line":17,"column":31},"end":{"line":17,"column":59}}]},"6":{"type":"branch","line":17,"loc":{"start":{"line":17,"column":58},"end":{"line":34,"column":1}},"locations":[{"start":{"line":17,"column":58},"end":{"line":34,"column":1}}]},"7":{"type":"branch","line":18,"loc":{"start":{"line":18,"column":15},"end":{"line":33,"column":3}},"locations":[{"start":{"line":18,"column":15},"end":{"line":33,"column":3}}]},"8":{"type":"branch","line":19,"loc":{"start":{"line":19,"column":29},"end":{"line":19,"column":64}},"locations":[{"start":{"line":19,"column":29},"end":{"line":19,"column":64}}]},"9":{"type":"branch","line":20,"loc":{"start":{"line":20,"column":19},"end":{"line":32,"column":5}},"locations":[{"start":{"line":20,"column":19},"end":{"line":32,"column":5}}]},"10":{"type":"branch","line":21,"loc":{"start":{"line":21,"column":37},"end":{"line":23,"column":7}},"locations":[{"start":{"line":21,"column":37},"end":{"line":23,"column":7}}]},"11":{"type":"branch","line":23,"loc":{"start":{"line":23,"column":6},"end":{"line":24,"column":35}},"locations":[{"start":{"line":23,"column":6},"end":{"line":24,"column":35}}]},"12":{"type":"branch","line":24,"loc":{"start":{"line":24,"column":35},"end":{"line":24,"column":51}},"locations":[{"start":{"line":24,"column":35},"end":{"line":24,"column":51}}]},"13":{"type":"branch","line":24,"loc":{"start":{"line":24,"column":53},"end":{"line":26,"column":7}},"locations":[{"start":{"line":24,"column":53},"end":{"line":26,"column":7}}]},"14":{"type":"branch","line":26,"loc":{"start":{"line":26,"column":6},"end":{"line":29,"column":55}},"locations":[{"start":{"line":26,"column":6},"end":{"line":29,"column":55}}]},"15":{"type":"branch","line":29,"loc":{"start":{"line":29,"column":56},"end":{"line":29,"column":61}},"locations":[{"start":{"line":29,"column":56},"end":{"line":29,"column":61}}]},"16":{"type":"branch","line":30,"loc":{"start":{"line":30,"column":26},"end":{"line":30,"column":59}},"locations":[{"start":{"line":30,"column":26},"end":{"line":30,"column":59}}]},"17":{"type":"branch","line":30,"loc":{"start":{"line":30,"column":60},"end":{"line":30,"column":72}},"locations":[{"start":{"line":30,"column":60},"end":{"line":30,"column":72}}]},"18":{"type":"branch","line":30,"loc":{"start":{"line":30,"column":73},"end":{"line":30,"column":77}},"locations":[{"start":{"line":30,"column":73},"end":{"line":30,"column":77}}]},"19":{"type":"branch","line":36,"loc":{"start":{"line":36,"column":7},"end":{"line":40,"column":1}},"locations":[{"start":{"line":36,"column":7},"end":{"line":40,"column":1}}]},"20":{"type":"branch","line":42,"loc":{"start":{"line":42,"column":7},"end":{"line":67,"column":1}},"locations":[{"start":{"line":42,"column":7},"end":{"line":67,"column":1}}]},"21":{"type":"branch","line":44,"loc":{"start":{"line":44,"column":27},"end":{"line":49,"column":3}},"locations":[{"start":{"line":44,"column":27},"end":{"line":49,"column":3}}]},"22":{"type":"branch","line":47,"loc":{"start":{"line":47,"column":24},"end":{"line":47,"column":44}},"locations":[{"start":{"line":47,"column":24},"end":{"line":47,"column":44}}]},"23":{"type":"branch","line":49,"loc":{"start":{"line":49,"column":3},"end":{"line":65,"column":3}},"locations":[{"start":{"line":49,"column":3},"end":{"line":65,"column":3}}]},"24":{"type":"branch","line":49,"loc":{"start":{"line":49,"column":34},"end":{"line":59,"column":3}},"locations":[{"start":{"line":49,"column":34},"end":{"line":59,"column":3}}]},"25":{"type":"branch","line":50,"loc":{"start":{"line":50,"column":45},"end":{"line":52,"column":5}},"locations":[{"start":{"line":50,"column":45},"end":{"line":52,"column":5}}]},"26":{"type":"branch","line":52,"loc":{"start":{"line":52,"column":5},"end":{"line":54,"column":5}},"locations":[{"start":{"line":52,"column":5},"end":{"line":54,"column":5}}]},"27":{"type":"branch","line":55,"loc":{"start":{"line":55,"column":43},"end":{"line":55,"column":58}},"locations":[{"start":{"line":55,"column":43},"end":{"line":55,"column":58}}]},"28":{"type":"branch","line":55,"loc":{"start":{"line":55,"column":60},"end":{"line":58,"column":5}},"locations":[{"start":{"line":55,"column":60},"end":{"line":58,"column":5}}]},"29":{"type":"branch","line":59,"loc":{"start":{"line":59,"column":3},"end":{"line":65,"column":3}},"locations":[{"start":{"line":59,"column":3},"end":{"line":65,"column":3}}]},"30":{"type":"branch","line":61,"loc":{"start":{"line":61,"column":22},"end":{"line":64,"column":5}},"locations":[{"start":{"line":61,"column":22},"end":{"line":64,"column":5}}]},"31":{"type":"branch","line":69,"loc":{"start":{"line":69,"column":7},"end":{"line":71,"column":1}},"locations":[{"start":{"line":69,"column":7},"end":{"line":71,"column":1}}]},"32":{"type":"branch","line":73,"loc":{"start":{"line":73,"column":7},"end":{"line":82,"column":1}},"locations":[{"start":{"line":73,"column":7},"end":{"line":82,"column":1}}]},"33":{"type":"branch","line":77,"loc":{"start":{"line":77,"column":26},"end":{"line":77,"column":44}},"locations":[{"start":{"line":77,"column":26},"end":{"line":77,"column":44}}]},"34":{"type":"branch","line":77,"loc":{"start":{"line":77,"column":46},"end":{"line":80,"column":3}},"locations":[{"start":{"line":77,"column":46},"end":{"line":80,"column":3}}]},"35":{"type":"branch","line":81,"loc":{"start":{"line":81,"column":25},"end":{"line":81,"column":31}},"locations":[{"start":{"line":81,"column":25},"end":{"line":81,"column":31}}]},"36":{"type":"branch","line":81,"loc":{"start":{"line":81,"column":32},"end":{"line":81,"column":45}},"locations":[{"start":{"line":81,"column":32},"end":{"line":81,"column":45}}]},"37":{"type":"branch","line":84,"loc":{"start":{"line":84,"column":7},"end":{"line":88,"column":1}},"locations":[{"start":{"line":84,"column":7},"end":{"line":88,"column":1}}]},"38":{"type":"branch","line":85,"loc":{"start":{"line":85,"column":17},"end":{"line":85,"column":42}},"locations":[{"start":{"line":85,"column":17},"end":{"line":85,"column":42}}]},"39":{"type":"branch","line":85,"loc":{"start":{"line":85,"column":44},"end":{"line":85,"column":56}},"locations":[{"start":{"line":85,"column":44},"end":{"line":85,"column":56}}]},"40":{"type":"branch","line":85,"loc":{"start":{"line":85,"column":55},"end":{"line":88,"column":1}},"locations":[{"start":{"line":85,"column":55},"end":{"line":88,"column":1}}]},"41":{"type":"branch","line":86,"loc":{"start":{"line":86,"column":31},"end":{"line":86,"column":46}},"locations":[{"start":{"line":86,"column":31},"end":{"line":86,"column":46}}]},"42":{"type":"branch","line":90,"loc":{"start":{"line":90,"column":7},"end":{"line":92,"column":1}},"locations":[{"start":{"line":90,"column":7},"end":{"line":92,"column":1}}]}},"b":{"0":[10],"1":[40],"2":[640],"3":[5],"4":[3],"5":[2],"6":[3],"7":[4],"8":[0],"9":[9],"10":[5],"11":[4],"12":[2],"13":[3],"14":[1],"15":[0],"16":[1],"17":[1],"18":[0],"19":[6],"20":[6],"21":[1],"22":[0],"23":[5],"24":[3],"25":[1],"26":[2],"27":[2],"28":[2],"29":[2],"30":[1],"31":[1],"32":[4],"33":[7],"34":[6],"35":[3],"36":[1],"37":[5],"38":[4],"39":[2],"40":[3],"41":[5],"42":[2]},"fnMap":{"0":{"name":"createEmptyPattern","decl":{"start":{"line":10,"column":7},"end":{"line":14,"column":1}},"loc":{"start":{"line":10,"column":7},"end":{"line":14,"column":1}},"line":10},"1":{"name":"normalizePattern","decl":{"start":{"line":16,"column":7},"end":{"line":34,"column":1}},"loc":{"start":{"line":16,"column":7},"end":{"line":34,"column":1}},"line":16},"2":{"name":"cycleProbability","decl":{"start":{"line":36,"column":7},"end":{"line":40,"column":1}},"loc":{"start":{"line":36,"column":7},"end":{"line":40,"column":1}},"line":36},"3":{"name":"toggleStep","decl":{"start":{"line":42,"column":7},"end":{"line":67,"column":1}},"loc":{"start":{"line":42,"column":7},"end":{"line":67,"column":1}},"line":42},"4":{"name":"createEmptySong","decl":{"start":{"line":69,"column":7},"end":{"line":71,"column":1}},"loc":{"start":{"line":69,"column":7},"end":{"line":71,"column":1}},"line":69},"5":{"name":"nextSongStep","decl":{"start":{"line":73,"column":7},"end":{"line":82,"column":1}},"loc":{"start":{"line":73,"column":7},"end":{"line":82,"column":1}},"line":73},"6":{"name":"calculateBPMFromIntervals","decl":{"start":{"line":84,"column":7},"end":{"line":88,"column":1}},"loc":{"start":{"line":84,"column":7},"end":{"line":88,"column":1}},"line":84},"7":{"name":"scheduleAheadTimeMs","decl":{"start":{"line":90,"column":7},"end":{"line":92,"column":1}},"loc":{"start":{"line":90,"column":7},"end":{"line":92,"column":1}},"line":90}},"f":{"0":10,"1":5,"2":6,"3":6,"4":1,"5":4,"6":5,"7":2}}
}
